#
# There is insufficient memory for the Java Runtime Environment to continue.
# Native memory allocation (mmap) failed to map 100663296 bytes for G1 virtual space
# Possible reasons:
#   The system is out of physical RAM or swap space
#   The process is running with CompressedOops enabled, and the Java Heap may be blocking the growth of the native heap
# Possible solutions:
#   Reduce memory load on the system
#   Increase physical memory or swap space
#   Check if swap backing store is full
#   Decrease Java heap size (-Xmx/-Xms)
#   Decrease number of Java threads
#   Decrease Java thread stack sizes (-Xss)
#   Set larger code cache with -XX:ReservedCodeCacheSize=
#   JVM is running with Unscaled Compressed Oops mode in which the Java heap is
#     placed in the first 4GB address space. The Java Heap base address is the
#     maximum limit for the native heap growth. Please use -XX:HeapBaseMinAddress
#     to set the Java Heap base and to place the Java Heap above 4GB virtual address.
# This output file may be truncated or incomplete.
#
#  Out of Memory Error (os_windows.cpp:3530), pid=11544, tid=2468
#
# JRE version:  (18.0.2+9) (build )
# Java VM: OpenJDK 64-Bit Server VM (18.0.2+9-FR, mixed mode, sharing, tiered, compressed oops, compressed class ptrs, g1 gc, windows-amd64)
# No core dump will be written. Minidumps are not enabled by default on client versions of Windows
#

---------------  S U M M A R Y ------------

Command Line: -javaagent:D:\IntelliJ IDEA 2022.2.1\lib\idea_rt.jar=52740:D:\IntelliJ IDEA 2022.2.1\bin -Dfile.encoding=UTF-8 -Dsun.stdout.encoding=UTF-8 -Dsun.stderr.encoding=UTF-8 com.yet.spring.core.App

Host: AMD Ryzen 5 3500U with Radeon Vega Mobile Gfx  , 8 cores, 5G,  Windows 10 , 64 bit Build 17763 (10.0.17763.3287)
Time: Mon Nov 28 02:24:35 2022 RTZ 4 (зима) elapsed time: 0.017432 seconds (0d 0h 0m 0s)

---------------  T H R E A D  ---------------

Current thread (0x000002265ac8f780):  JavaThread "Unknown thread" [_thread_in_vm, id=2468, stack(0x0000003788b00000,0x0000003788c00000)]

Stack: [0x0000003788b00000,0x0000003788c00000]
Native frames: (J=compiled Java code, j=interpreted, Vv=VM code, C=native code)
V  [jvm.dll+0x685a2a]
V  [jvm.dll+0x82ae8d]
V  [jvm.dll+0x82c75e]
V  [jvm.dll+0x82ce03]
V  [jvm.dll+0x25ef4b]
V  [jvm.dll+0x6828ca]
V  [jvm.dll+0x67745a]
V  [jvm.dll+0x3243f9]
V  [jvm.dll+0x32ba86]
V  [jvm.dll+0x37e00a]
V  [jvm.dll+0x37e24f]
V  [jvm.dll+0x2fb50a]
V  [jvm.dll+0x2fc581]
V  [jvm.dll+0x7fb300]
V  [jvm.dll+0x38af71]
V  [jvm.dll+0x7dab95]
V  [jvm.dll+0x4058f3]
V  [jvm.dll+0x4072b1]
C  [jli.dll+0x519f]
C  [ucrtbase.dll+0x2268a]
C  [KERNEL32.DLL+0x17974]
C  [ntdll.dll+0x5a371]


---------------  P R O C E S S  ---------------

Threads class SMR info:
_java_thread_list=0x00007ff90ea19610, length=0, elements={
}

Java Threads: ( => current thread )

Other Threads:
  0x000002265acdfc50 WorkerThread "GC Thread#0" [stack: 0x0000003788c00000,0x0000003788d00000] [id=4768]
  0x000002265acedd90 ConcurrentGCThread "G1 Main Marker" [stack: 0x0000003788d00000,0x0000003788e00000] [id=11168]
  0x000002265acf01a0 WorkerThread "G1 Conc#0" [stack: 0x0000003788e00000,0x0000003788f00000] [id=14236]

[error occurred during error reporting (printing all threads), id 0xc0000005, EXCEPTION_ACCESS_VIOLATION (0xc0000005) at pc=0x00007ff90e1ec5c7]

VM state: not at safepoint (not fully initialized)

VM Mutex/Monitor currently owned by a thread:  ([mutex/lock_event])
[0x000002265ac8b6f0] Heap_lock - owner thread: 0x000002265ac8f780

Heap address: 0x00000000a1e00000, size: 1506 MB, Compressed Oops mode: 32-bit

CDS archive(s) mapped at: [0x0000000000000000-0x0000000000000000-0x0000000000000000), size 0, SharedBaseAddress: 0x0000000800000000, ArchiveRelocationMode: 0.
Narrow klass base: 0x0000000000000000, Narrow klass shift: 0, Narrow klass range: 0x0

GC Precious Log:
 CardTable entry size: 512
 Card Set container configuration: InlinePtr #cards 5 size 8 Array Of Cards #cards 12 size 40 Howl #buckets 4 coarsen threshold 1843 Howl Bitmap #cards 512 size 80 coarsen threshold 460 Card regions per heap region 1 cards per card region 2048

Heap:
 garbage-first heap   total 0K, used 0K [0x00000000a1e00000, 0x0000000100000000)
  region size 1024K, 0 young (0K), 0 survivors (0K)

[error occurred during error reporting (printing heap information), id 0xc0000005, EXCEPTION_ACCESS_VIOLATION (0xc0000005) at pc=0x00007ff90e5bd5a9]

GC Heap History (0 events):
No events

Deoptimization events (0 events):
No events

Classes loaded (0 events):
No events

Classes unloaded (0 events):
No events

Classes redefined (0 events):
No events

Internal exceptions (0 events):
No events

VM Operations (0 events):
No events

Events (1 events):
Event: 0.009 Loaded shared library C:\Users\Slava\.jdks\corretto-18.0.2\bin\java.dll


Dynamic libraries:
0x00007ff7284e0000 - 0x00007ff7284ed000 	C:\Users\Slava\.jdks\corretto-18.0.2\bin\java.exe
0x00007ff962b90000 - 0x00007ff962d7e000 	C:\Windows\SYSTEM32\ntdll.dll
0x00007ff960960000 - 0x00007ff960a13000 	C:\Windows\System32\KERNEL32.DLL
0x00007ff95ebf0000 - 0x00007ff95ee8d000 	C:\Windows\System32\KERNELBASE.dll
0x00007ff95f2e0000 - 0x00007ff95f3da000 	C:\Windows\System32\ucrtbase.dll
0x00007ff951160000 - 0x00007ff951177000 	C:\Users\Slava\.jdks\corretto-18.0.2\bin\jli.dll
0x00007ff958a20000 - 0x00007ff958a35000 	C:\Users\Slava\.jdks\corretto-18.0.2\bin\VCRUNTIME140.dll
0x00007ff9600a0000 - 0x00007ff960238000 	C:\Windows\System32\USER32.dll
0x00007ff95f580000 - 0x00007ff95f5a0000 	C:\Windows\System32\win32u.dll
0x00007ff94de10000 - 0x00007ff94e089000 	C:\Windows\WinSxS\amd64_microsoft.windows.common-controls_6595b64144ccf1df_6.0.17763.3650_none_de72e6e05349b85a\COMCTL32.dll
0x00007ff95fea0000 - 0x00007ff95fec9000 	C:\Windows\System32\GDI32.dll
0x00007ff960e30000 - 0x00007ff960ece000 	C:\Windows\System32\msvcrt.dll
0x00007ff95f3e0000 - 0x00007ff95f580000 	C:\Windows\System32\gdi32full.dll
0x00007ff962430000 - 0x00007ff96275b000 	C:\Windows\System32\combase.dll
0x00007ff95f040000 - 0x00007ff95f0e0000 	C:\Windows\System32\msvcp_win.dll
0x00007ff9628d0000 - 0x00007ff9629ed000 	C:\Windows\System32\RPCRT4.dll
0x00007ff95ef00000 - 0x00007ff95ef82000 	C:\Windows\System32\bcryptPrimitives.dll
0x00007ff960060000 - 0x00007ff96008e000 	C:\Windows\System32\IMM32.DLL
0x00007ff937670000 - 0x00007ff93770b000 	C:\Users\Slava\.jdks\corretto-18.0.2\bin\msvcp140.dll
0x00007ff90dee0000 - 0x00007ff90eb51000 	C:\Users\Slava\.jdks\corretto-18.0.2\bin\server\jvm.dll
0x00007ff95fd90000 - 0x00007ff95fe37000 	C:\Windows\System32\ADVAPI32.dll
0x00007ff960820000 - 0x00007ff9608bf000 	C:\Windows\System32\sechost.dll
0x00007ff960e20000 - 0x00007ff960e28000 	C:\Windows\System32\PSAPI.DLL
0x00007ff947000000 - 0x00007ff947009000 	C:\Windows\SYSTEM32\WSOCK32.dll
0x00007ff958b50000 - 0x00007ff958b5a000 	C:\Windows\SYSTEM32\VERSION.dll
0x00007ff95cb00000 - 0x00007ff95cb24000 	C:\Windows\SYSTEM32\WINMM.dll
0x00007ff960b50000 - 0x00007ff960bbd000 	C:\Windows\System32\WS2_32.dll
0x00007ff95c9e0000 - 0x00007ff95ca0d000 	C:\Windows\SYSTEM32\winmmbase.dll
0x00007ff95ee90000 - 0x00007ff95eeda000 	C:\Windows\System32\cfgmgr32.dll
0x00007ff95ebd0000 - 0x00007ff95ebe1000 	C:\Windows\System32\kernel.appcore.dll
0x00007ff95b1f0000 - 0x00007ff95b1fa000 	C:\Users\Slava\.jdks\corretto-18.0.2\bin\jimage.dll
0x00007ff952ac0000 - 0x00007ff952cad000 	C:\Windows\SYSTEM32\DBGHELP.DLL
0x00007ff949c00000 - 0x00007ff949c2a000 	C:\Windows\SYSTEM32\dbgcore.DLL
0x00007ff937d60000 - 0x00007ff937d6e000 	C:\Users\Slava\.jdks\corretto-18.0.2\bin\instrument.dll
0x00007ff941a80000 - 0x00007ff941aa5000 	C:\Users\Slava\.jdks\corretto-18.0.2\bin\java.dll

dbghelp: loaded successfully - version: 4.0.5 - missing functions: none
symbol engine: initialized successfully - sym options: 0x614 - pdb path: .;C:\Users\Slava\.jdks\corretto-18.0.2\bin;C:\Windows\SYSTEM32;C:\Windows\WinSxS\amd64_microsoft.windows.common-controls_6595b64144ccf1df_6.0.17763.3650_none_de72e6e05349b85a;C:\Users\Slava\.jdks\corretto-18.0.2\bin\server

VM Arguments:
jvm_args: -javaagent:D:\IntelliJ IDEA 2022.2.1\lib\idea_rt.jar=52740:D:\IntelliJ IDEA 2022.2.1\bin -Dfile.encoding=UTF-8 -Dsun.stdout.encoding=UTF-8 -Dsun.stderr.encoding=UTF-8 
java_command: com.yet.spring.core.App
java_class_path (initial): D:\repoditory\spring-basics-course-project-master\target\classes;D:\JavaLibrary\mysql-connector-j-8.0.31\mysql-connector-j-8.0.31.jar;C:\Users\Slava\.m2\repository\org\springframework\spring-context\5.2.8.RELEASE\spring-context-5.2.8.RELEASE.jar;C:\Users\Slava\.m2\repository\org\springframework\spring-aop\5.2.8.RELEASE\spring-aop-5.2.8.RELEASE.jar;C:\Users\Slava\.m2\repository\org\springframework\spring-beans\5.2.8.RELEASE\spring-beans-5.2.8.RELEASE.jar;C:\Users\Slava\.m2\repository\org\springframework\spring-core\5.2.8.RELEASE\spring-core-5.2.8.RELEASE.jar;C:\Users\Slava\.m2\repository\org\springframework\spring-jcl\5.2.8.RELEASE\spring-jcl-5.2.8.RELEASE.jar;C:\Users\Slava\.m2\repository\org\springframework\spring-expression\5.2.8.RELEASE\spring-expression-5.2.8.RELEASE.jar;C:\Users\Slava\.m2\repository\org\springframework\spring-context-support\5.2.8.RELEASE\spring-context-support-5.2.8.RELEASE.jar;C:\Users\Slava\.m2\repository\org\springframework\spring-tx\5.2.8.RELEASE\spring-tx-5.2.8.RELEASE.jar;C:\Users\Slava\.m2\repository\org\springframework\spring-jdbc\5.2.8.RELEASE\spring-jdbc-5.2.8.RELEASE.jar;C:\Users\Slava\.m2\repository\org\apache\derby\derby\10.13.1.1\derby-10.13.1.1.jar;C:\Users\Slava\.m2\repository\org\aspectj\aspectjweaver\1.8.9\aspectjweaver-1.8.9.jar;C:\Users\Slava\.m2\repository\commons-io\commons-io\2.4\commons-io-2.4.jar
Launcher Type: SUN_STANDARD

[Global flags]
     intx CICompilerCount                          = 4                                         {product} {ergonomic}
     uint ConcGCThreads                            = 2                                         {product} {ergonomic}
     uint G1ConcRefinementThreads                  = 8                                         {product} {ergonomic}
   size_t G1HeapRegionSize                         = 1048576                                   {product} {ergonomic}
    uintx GCDrainStackTargetSize                   = 64                                        {product} {ergonomic}
   size_t InitialHeapSize                          = 100663296                                 {product} {ergonomic}
   size_t MarkStackSize                            = 4194304                                   {product} {ergonomic}
   size_t MaxHeapSize                              = 1579155456                                {product} {ergonomic}
   size_t MinHeapDeltaBytes                        = 1048576                                   {product} {ergonomic}
   size_t MinHeapSize                              = 8388608                                   {product} {ergonomic}
    uintx NonNMethodCodeHeapSize                   = 5839372                                {pd product} {ergonomic}
    uintx NonProfiledCodeHeapSize                  = 122909434                              {pd product} {ergonomic}
    uintx ProfiledCodeHeapSize                     = 122909434                              {pd product} {ergonomic}
    uintx ReservedCodeCacheSize                    = 251658240                              {pd product} {ergonomic}
     bool SegmentedCodeCache                       = true                                      {product} {ergonomic}
   size_t SoftMaxHeapSize                          = 1579155456                             {manageable} {ergonomic}
     bool UseCompressedClassPointers               = true                           {product lp64_product} {ergonomic}
     bool UseCompressedOops                        = true                           {product lp64_product} {ergonomic}
     bool UseG1GC                                  = true                                      {product} {ergonomic}
     bool UseLargePagesIndividualAllocation        = false                                  {pd product} {ergonomic}

Logging:
Log output configuration:
 #0: stdout all=warning uptime,level,tags foldmultilines=false
 #1: stderr all=off uptime,level,tags foldmultilines=false

Environment Variables:
JAVA_HOME=C:\Users\Slava\.jdks\corretto-18.0.2
CLASSPATH=.;C:\Program Files (x86)\QuickTime\QTSystem\QTJava.zip
PATH=C:\Users\Slava\AppData\Local\Programs\Python\Python310\Scripts\;C:\Users\Slava\AppData\Local\Programs\Python\Python310\;C:\Program Files\nodejs;C:\ProgramData\chocolatey\bin;C:\Program Files\nodejs\node.exe;C:\Program Files\nodejs\;C:\Program Files\Docker\Docker\resources\bin;C:\ProgramData\DockerDesktop\version-bin;C:\Program Files\Git\cmd;C:\Program Files\dotnet\;C:\Program Files\MySQL\MySQL Shell 8.0\bin\;C:\Users\Slava\AppData\Roaming\npm;C:\Program Files\Docker Toolbox;D:\heroku\bin;C:\Users\Slava\AppData\Local\gitkraken\bin;D:\Microsoft VS Code\bin;D:\Flutter\flutter\bin;C:\Windows\System32;C:\Program Files\Git\cmd;C:\Program Files\Git\bin;C:\Windows\SysWOW64\WindowsPowerShell\v1.0;C:\Users\Slava\.dotnet\tools
USERNAME=Slava
OS=Windows_NT
PROCESSOR_IDENTIFIER=AMD64 Family 23 Model 24 Stepping 1, AuthenticAMD



---------------  S Y S T E M  ---------------

OS:
 Windows 10 , 64 bit Build 17763 (10.0.17763.3287)
OS uptime: 0 days 6:47 hours

CPU: total 8 (initial active 8) (8 cores per cpu, 2 threads per core) family 23 model 24 stepping 1 microcode 0x0, cx8, cmov, fxsr, ht, mmx, 3dnowpref, sse, sse2, sse3, ssse3, sse4a, sse4.1, sse4.2, popcnt, lzcnt, tsc, tscinvbit, avx, avx2, aes, clmul, bmi1, bmi2, adx, sha, fma, vzeroupper, clflush, clflushopt

Memory: 4k page, system-wide physical 6020M (559M free)
TotalPageFile size 11212M (AvailPageFile size 62M)
current process WorkingSet (physical memory assigned to process): 10M, peak: 10M
current process commit charge ("private bytes"): 60M, peak: 156M

vm_info: OpenJDK 64-Bit Server VM (18.0.2+9-FR) for windows-amd64 JRE (18.0.2+9-FR), built on Jul 15 2022 20:03:03 by "Administrator" with MS VC++ 15.9 (VS2017)

END.
