#
# There is insufficient memory for the Java Runtime Environment to continue.
# Native memory allocation (malloc) failed to allocate 819536 bytes for Chunk::new
# Possible reasons:
#   The system is out of physical RAM or swap space
#   The process is running with CompressedOops enabled, and the Java Heap may be blocking the growth of the native heap
# Possible solutions:
#   Reduce memory load on the system
#   Increase physical memory or swap space
#   Check if swap backing store is full
#   Decrease Java heap size (-Xmx/-Xms)
#   Decrease number of Java threads
#   Decrease Java thread stack sizes (-Xss)
#   Set larger code cache with -XX:ReservedCodeCacheSize=
#   JVM is running with Unscaled Compressed Oops mode in which the Java heap is
#     placed in the first 4GB address space. The Java Heap base address is the
#     maximum limit for the native heap growth. Please use -XX:HeapBaseMinAddress
#     to set the Java Heap base and to place the Java Heap above 4GB virtual address.
# This output file may be truncated or incomplete.
#
#  Out of Memory Error (arena.cpp:184), pid=1672, tid=2532
#
# JRE version: OpenJDK Runtime Environment Corretto-18.0.2.9.1 (18.0.2+9) (build 18.0.2+9-FR)
# Java VM: OpenJDK 64-Bit Server VM Corretto-18.0.2.9.1 (18.0.2+9-FR, mixed mode, sharing, tiered, compressed oops, compressed class ptrs, g1 gc, windows-amd64)
# No core dump will be written. Minidumps are not enabled by default on client versions of Windows
#

---------------  S U M M A R Y ------------

Command Line: -javaagent:D:\IntelliJ IDEA 2022.2.1\lib\idea_rt.jar=57384:D:\IntelliJ IDEA 2022.2.1\bin -Dfile.encoding=UTF-8 -Dsun.stdout.encoding=UTF-8 -Dsun.stderr.encoding=UTF-8 com.yet.spring.core.App

Host: AMD Ryzen 5 3500U with Radeon Vega Mobile Gfx  , 8 cores, 5G,  Windows 10 , 64 bit Build 17763 (10.0.17763.3287)
Time: Mon Nov 28 02:15:39 2022 RTZ 4 (зима) elapsed time: 1.907421 seconds (0d 0h 0m 1s)

---------------  T H R E A D  ---------------

Current thread (0x000001ab27586240):  JavaThread "C2 CompilerThread1" daemon [_thread_in_native, id=2532, stack(0x0000002f6dd00000,0x0000002f6de00000)]


Current CompileTask:
C2:   1907 1946 % !   4       java.util.concurrent.ConcurrentHashMap::transfer @ 96 (849 bytes)

Stack: [0x0000002f6dd00000,0x0000002f6de00000]
Native frames: (J=compiled Java code, j=interpreted, Vv=VM code, C=native code)
V  [jvm.dll+0x685a2a]
V  [jvm.dll+0x82ae8d]
V  [jvm.dll+0x82c75e]
V  [jvm.dll+0x82ce03]
V  [jvm.dll+0x25ef4b]
V  [jvm.dll+0xd42d2]
V  [jvm.dll+0xd4665]
V  [jvm.dll+0x385751]
V  [jvm.dll+0x34d82a]
V  [jvm.dll+0x34cc1a]
V  [jvm.dll+0x233a65]
V  [jvm.dll+0x232f37]
V  [jvm.dll+0x1c0a35]
V  [jvm.dll+0x24212c]
V  [jvm.dll+0x240534]
V  [jvm.dll+0x7df6db]
V  [jvm.dll+0x7d9cba]
V  [jvm.dll+0x6848a5]
C  [ucrtbase.dll+0x2268a]
C  [KERNEL32.DLL+0x17974]
C  [ntdll.dll+0x5a371]


---------------  P R O C E S S  ---------------

Threads class SMR info:
_java_thread_list=0x000001ab28143ac0, length=15, elements={
0x000001ab05b4e1b0, 0x000001ab22c14a70, 0x000001ab22c195f0, 0x000001ab22c30eb0,
0x000001ab22c32770, 0x000001ab22c33020, 0x000001ab22c33b50, 0x000001ab22c37d70,
0x000001ab22c39670, 0x000001ab22c3d0c0, 0x000001ab2705ffb0, 0x000001ab2705f140,
0x000001ab27060e20, 0x000001ab27586240, 0x000001ab27062630
}

Java Threads: ( => current thread )
  0x000001ab05b4e1b0 JavaThread "main" [_thread_in_vm, id=14068, stack(0x0000002f6c900000,0x0000002f6ca00000)]
  0x000001ab22c14a70 JavaThread "Reference Handler" daemon [_thread_blocked, id=13796, stack(0x0000002f6d000000,0x0000002f6d100000)]
  0x000001ab22c195f0 JavaThread "Finalizer" daemon [_thread_blocked, id=6684, stack(0x0000002f6d100000,0x0000002f6d200000)]
  0x000001ab22c30eb0 JavaThread "Signal Dispatcher" daemon [_thread_blocked, id=11532, stack(0x0000002f6d200000,0x0000002f6d300000)]
  0x000001ab22c32770 JavaThread "Attach Listener" daemon [_thread_blocked, id=14016, stack(0x0000002f6d300000,0x0000002f6d400000)]
  0x000001ab22c33020 JavaThread "Service Thread" daemon [_thread_blocked, id=14004, stack(0x0000002f6d400000,0x0000002f6d500000)]
  0x000001ab22c33b50 JavaThread "Monitor Deflation Thread" daemon [_thread_blocked, id=7236, stack(0x0000002f6d500000,0x0000002f6d600000)]
  0x000001ab22c37d70 JavaThread "C2 CompilerThread0" daemon [_thread_in_native, id=7460, stack(0x0000002f6d600000,0x0000002f6d700000)]
  0x000001ab22c39670 JavaThread "C1 CompilerThread0" daemon [_thread_blocked, id=13832, stack(0x0000002f6d700000,0x0000002f6d800000)]
  0x000001ab22c3d0c0 JavaThread "Sweeper thread" daemon [_thread_blocked, id=6176, stack(0x0000002f6d800000,0x0000002f6d900000)]
  0x000001ab2705ffb0 JavaThread "Common-Cleaner" daemon [_thread_blocked, id=14276, stack(0x0000002f6d900000,0x0000002f6da00000)]
  0x000001ab2705f140 JavaThread "Monitor Ctrl-Break" daemon [_thread_in_native, id=14304, stack(0x0000002f6da00000,0x0000002f6db00000)]
  0x000001ab27060e20 JavaThread "Notification Thread" daemon [_thread_blocked, id=8216, stack(0x0000002f6db00000,0x0000002f6dc00000)]
=>0x000001ab27586240 JavaThread "C2 CompilerThread1" daemon [_thread_in_native, id=2532, stack(0x0000002f6dd00000,0x0000002f6de00000)]
  0x000001ab27062630 JavaThread "mysql-cj-abandoned-connection-cleanup" daemon [_thread_blocked, id=10752, stack(0x0000002f6e500000,0x0000002f6e600000)]

Other Threads:
  0x000001ab22c07730 VMThread "VM Thread" [stack: 0x0000002f6cf00000,0x0000002f6d000000] [id=8772]
  0x000001ab05b4f060 WatcherThread "VM Periodic Task Thread" [stack: 0x0000002f6dc00000,0x0000002f6dd00000] [id=7872]
  0x000001ab05ba1bf0 WorkerThread "GC Thread#0" [stack: 0x0000002f6ca00000,0x0000002f6cb00000] [id=14020]
  0x000001ab27c0b660 WorkerThread "GC Thread#1" [stack: 0x0000002f6de00000,0x0000002f6df00000] [id=9828]
  0x000001ab27e4c4f0 WorkerThread "GC Thread#2" [stack: 0x0000002f6df00000,0x0000002f6e000000] [id=11936]
  0x000001ab27e4c790 WorkerThread "GC Thread#3" [stack: 0x0000002f6e000000,0x0000002f6e100000] [id=6084]
  0x000001ab27958de0 WorkerThread "GC Thread#4" [stack: 0x0000002f6e100000,0x0000002f6e200000] [id=1876]
  0x000001ab27959d10 WorkerThread "GC Thread#5" [stack: 0x0000002f6e200000,0x0000002f6e300000] [id=11200]
  0x000001ab2795a7d0 WorkerThread "GC Thread#6" [stack: 0x0000002f6e300000,0x0000002f6e400000] [id=6764]
  0x000001ab2795aef0 WorkerThread "GC Thread#7" [stack: 0x0000002f6e400000,0x0000002f6e500000] [id=2516]
  0x000001ab05bb0690 ConcurrentGCThread "G1 Main Marker" [stack: 0x0000002f6cb00000,0x0000002f6cc00000] [id=8636]
  0x000001ab05bb2c00 WorkerThread "G1 Conc#0" [stack: 0x0000002f6cc00000,0x0000002f6cd00000] [id=3980]
  0x000001ab05bf7830 ConcurrentGCThread "G1 Refine#0" [stack: 0x0000002f6cd00000,0x0000002f6ce00000] [id=13092]
  0x000001ab05bf8050 ConcurrentGCThread "G1 Service" [stack: 0x0000002f6ce00000,0x0000002f6cf00000] [id=2700]

Threads with active compile tasks:
C2 CompilerThread0     1938 2000       4       java.util.Properties$LineReader::readLine (584 bytes)
C2 CompilerThread1     1938 1946 % !   4       java.util.concurrent.ConcurrentHashMap::transfer @ 96 (849 bytes)

VM state: not at safepoint (normal execution)

VM Mutex/Monitor currently owned by a thread: None

Heap address: 0x00000000a1e00000, size: 1506 MB, Compressed Oops mode: 32-bit

CDS archive(s) mapped at: [0x0000000800000000-0x0000000800ba0000-0x0000000800ba0000), size 12189696, SharedBaseAddress: 0x0000000800000000, ArchiveRelocationMode: 0.
Compressed class space mapped at: 0x0000000800c00000-0x0000000840c00000, reserved size: 1073741824
Narrow klass base: 0x0000000800000000, Narrow klass shift: 0, Narrow klass range: 0x100000000

GC Precious Log:
 CardTable entry size: 512
 Card Set container configuration: InlinePtr #cards 5 size 8 Array Of Cards #cards 12 size 40 Howl #buckets 4 coarsen threshold 1843 Howl Bitmap #cards 512 size 80 coarsen threshold 460 Card regions per heap region 1 cards per card region 2048
 CPUs: 8 total, 8 available
 Memory: 6020M
 Large Page Support: Disabled
 NUMA Support: Disabled
 Compressed Oops: Enabled (32-bit)
 Heap Region Size: 1M
 Heap Min Capacity: 8M
 Heap Initial Capacity: 96M
 Heap Max Capacity: 1506M
 Pre-touch: Disabled
 Parallel Workers: 8
 Concurrent Workers: 2
 Concurrent Refinement Workers: 8
 Periodic GC: Disabled

Heap:
 garbage-first heap   total 98304K, used 23584K [0x00000000a1e00000, 0x0000000100000000)
  region size 1024K, 23 young (23552K), 3 survivors (3072K)
 Metaspace       used 14916K, committed 15168K, reserved 1114112K
  class space    used 1616K, committed 1728K, reserved 1048576K

Heap Regions: E=young(eden), S=young(survivor), O=old, HS=humongous(starts), HC=humongous(continues), CS=collection set, F=free, OA=open archive, CA=closed archive, TAMS=top-at-mark-start (previous, next)
|   0|0x00000000a1e00000, 0x00000000a1f00000, 0x00000000a1f00000|100%| O|  |TAMS 0x00000000a1e00000, 0x00000000a1e00000| Untracked 
|   1|0x00000000a1f00000, 0x00000000a1f08000, 0x00000000a2000000|  3%| O|  |TAMS 0x00000000a1f00000, 0x00000000a1f00000| Untracked 
|   2|0x00000000a2000000, 0x00000000a2000000, 0x00000000a2100000|  0%| F|  |TAMS 0x00000000a2000000, 0x00000000a2000000| Untracked 
|   3|0x00000000a2100000, 0x00000000a2100000, 0x00000000a2200000|  0%| F|  |TAMS 0x00000000a2100000, 0x00000000a2100000| Untracked 
|   4|0x00000000a2200000, 0x00000000a2200000, 0x00000000a2300000|  0%| F|  |TAMS 0x00000000a2200000, 0x00000000a2200000| Untracked 
|   5|0x00000000a2300000, 0x00000000a2300000, 0x00000000a2400000|  0%| F|  |TAMS 0x00000000a2300000, 0x00000000a2300000| Untracked 
|   6|0x00000000a2400000, 0x00000000a2400000, 0x00000000a2500000|  0%| F|  |TAMS 0x00000000a2400000, 0x00000000a2400000| Untracked 
|   7|0x00000000a2500000, 0x00000000a2500000, 0x00000000a2600000|  0%| F|  |TAMS 0x00000000a2500000, 0x00000000a2500000| Untracked 
|   8|0x00000000a2600000, 0x00000000a2600000, 0x00000000a2700000|  0%| F|  |TAMS 0x00000000a2600000, 0x00000000a2600000| Untracked 
|   9|0x00000000a2700000, 0x00000000a2700000, 0x00000000a2800000|  0%| F|  |TAMS 0x00000000a2700000, 0x00000000a2700000| Untracked 
|  10|0x00000000a2800000, 0x00000000a2800000, 0x00000000a2900000|  0%| F|  |TAMS 0x00000000a2800000, 0x00000000a2800000| Untracked 
|  11|0x00000000a2900000, 0x00000000a2900000, 0x00000000a2a00000|  0%| F|  |TAMS 0x00000000a2900000, 0x00000000a2900000| Untracked 
|  12|0x00000000a2a00000, 0x00000000a2a00000, 0x00000000a2b00000|  0%| F|  |TAMS 0x00000000a2a00000, 0x00000000a2a00000| Untracked 
|  13|0x00000000a2b00000, 0x00000000a2b00000, 0x00000000a2c00000|  0%| F|  |TAMS 0x00000000a2b00000, 0x00000000a2b00000| Untracked 
|  14|0x00000000a2c00000, 0x00000000a2c00000, 0x00000000a2d00000|  0%| F|  |TAMS 0x00000000a2c00000, 0x00000000a2c00000| Untracked 
|  15|0x00000000a2d00000, 0x00000000a2d00000, 0x00000000a2e00000|  0%| F|  |TAMS 0x00000000a2d00000, 0x00000000a2d00000| Untracked 
|  16|0x00000000a2e00000, 0x00000000a2e00000, 0x00000000a2f00000|  0%| F|  |TAMS 0x00000000a2e00000, 0x00000000a2e00000| Untracked 
|  17|0x00000000a2f00000, 0x00000000a2f00000, 0x00000000a3000000|  0%| F|  |TAMS 0x00000000a2f00000, 0x00000000a2f00000| Untracked 
|  18|0x00000000a3000000, 0x00000000a3000000, 0x00000000a3100000|  0%| F|  |TAMS 0x00000000a3000000, 0x00000000a3000000| Untracked 
|  19|0x00000000a3100000, 0x00000000a3100000, 0x00000000a3200000|  0%| F|  |TAMS 0x00000000a3100000, 0x00000000a3100000| Untracked 
|  20|0x00000000a3200000, 0x00000000a3200000, 0x00000000a3300000|  0%| F|  |TAMS 0x00000000a3200000, 0x00000000a3200000| Untracked 
|  21|0x00000000a3300000, 0x00000000a3300000, 0x00000000a3400000|  0%| F|  |TAMS 0x00000000a3300000, 0x00000000a3300000| Untracked 
|  22|0x00000000a3400000, 0x00000000a3400000, 0x00000000a3500000|  0%| F|  |TAMS 0x00000000a3400000, 0x00000000a3400000| Untracked 
|  23|0x00000000a3500000, 0x00000000a3500000, 0x00000000a3600000|  0%| F|  |TAMS 0x00000000a3500000, 0x00000000a3500000| Untracked 
|  24|0x00000000a3600000, 0x00000000a3600000, 0x00000000a3700000|  0%| F|  |TAMS 0x00000000a3600000, 0x00000000a3600000| Untracked 
|  25|0x00000000a3700000, 0x00000000a3700000, 0x00000000a3800000|  0%| F|  |TAMS 0x00000000a3700000, 0x00000000a3700000| Untracked 
|  26|0x00000000a3800000, 0x00000000a3800000, 0x00000000a3900000|  0%| F|  |TAMS 0x00000000a3800000, 0x00000000a3800000| Untracked 
|  27|0x00000000a3900000, 0x00000000a3900000, 0x00000000a3a00000|  0%| F|  |TAMS 0x00000000a3900000, 0x00000000a3900000| Untracked 
|  28|0x00000000a3a00000, 0x00000000a3a00000, 0x00000000a3b00000|  0%| F|  |TAMS 0x00000000a3a00000, 0x00000000a3a00000| Untracked 
|  29|0x00000000a3b00000, 0x00000000a3b00000, 0x00000000a3c00000|  0%| F|  |TAMS 0x00000000a3b00000, 0x00000000a3b00000| Untracked 
|  30|0x00000000a3c00000, 0x00000000a3c00000, 0x00000000a3d00000|  0%| F|  |TAMS 0x00000000a3c00000, 0x00000000a3c00000| Untracked 
|  31|0x00000000a3d00000, 0x00000000a3d00000, 0x00000000a3e00000|  0%| F|  |TAMS 0x00000000a3d00000, 0x00000000a3d00000| Untracked 
|  32|0x00000000a3e00000, 0x00000000a3e00000, 0x00000000a3f00000|  0%| F|  |TAMS 0x00000000a3e00000, 0x00000000a3e00000| Untracked 
|  33|0x00000000a3f00000, 0x00000000a3f00000, 0x00000000a4000000|  0%| F|  |TAMS 0x00000000a3f00000, 0x00000000a3f00000| Untracked 
|  34|0x00000000a4000000, 0x00000000a4000000, 0x00000000a4100000|  0%| F|  |TAMS 0x00000000a4000000, 0x00000000a4000000| Untracked 
|  35|0x00000000a4100000, 0x00000000a4100000, 0x00000000a4200000|  0%| F|  |TAMS 0x00000000a4100000, 0x00000000a4100000| Untracked 
|  36|0x00000000a4200000, 0x00000000a4200000, 0x00000000a4300000|  0%| F|  |TAMS 0x00000000a4200000, 0x00000000a4200000| Untracked 
|  37|0x00000000a4300000, 0x00000000a4300000, 0x00000000a4400000|  0%| F|  |TAMS 0x00000000a4300000, 0x00000000a4300000| Untracked 
|  38|0x00000000a4400000, 0x00000000a4400000, 0x00000000a4500000|  0%| F|  |TAMS 0x00000000a4400000, 0x00000000a4400000| Untracked 
|  39|0x00000000a4500000, 0x00000000a4500000, 0x00000000a4600000|  0%| F|  |TAMS 0x00000000a4500000, 0x00000000a4500000| Untracked 
|  40|0x00000000a4600000, 0x00000000a4600000, 0x00000000a4700000|  0%| F|  |TAMS 0x00000000a4600000, 0x00000000a4600000| Untracked 
|  41|0x00000000a4700000, 0x00000000a4700000, 0x00000000a4800000|  0%| F|  |TAMS 0x00000000a4700000, 0x00000000a4700000| Untracked 
|  42|0x00000000a4800000, 0x00000000a4800000, 0x00000000a4900000|  0%| F|  |TAMS 0x00000000a4800000, 0x00000000a4800000| Untracked 
|  43|0x00000000a4900000, 0x00000000a4900000, 0x00000000a4a00000|  0%| F|  |TAMS 0x00000000a4900000, 0x00000000a4900000| Untracked 
|  44|0x00000000a4a00000, 0x00000000a4a00000, 0x00000000a4b00000|  0%| F|  |TAMS 0x00000000a4a00000, 0x00000000a4a00000| Untracked 
|  45|0x00000000a4b00000, 0x00000000a4b00000, 0x00000000a4c00000|  0%| F|  |TAMS 0x00000000a4b00000, 0x00000000a4b00000| Untracked 
|  46|0x00000000a4c00000, 0x00000000a4c00000, 0x00000000a4d00000|  0%| F|  |TAMS 0x00000000a4c00000, 0x00000000a4c00000| Untracked 
|  47|0x00000000a4d00000, 0x00000000a4d00000, 0x00000000a4e00000|  0%| F|  |TAMS 0x00000000a4d00000, 0x00000000a4d00000| Untracked 
|  48|0x00000000a4e00000, 0x00000000a4e00000, 0x00000000a4f00000|  0%| F|  |TAMS 0x00000000a4e00000, 0x00000000a4e00000| Untracked 
|  49|0x00000000a4f00000, 0x00000000a4f00000, 0x00000000a5000000|  0%| F|  |TAMS 0x00000000a4f00000, 0x00000000a4f00000| Untracked 
|  50|0x00000000a5000000, 0x00000000a5000000, 0x00000000a5100000|  0%| F|  |TAMS 0x00000000a5000000, 0x00000000a5000000| Untracked 
|  51|0x00000000a5100000, 0x00000000a5100000, 0x00000000a5200000|  0%| F|  |TAMS 0x00000000a5100000, 0x00000000a5100000| Untracked 
|  52|0x00000000a5200000, 0x00000000a5200000, 0x00000000a5300000|  0%| F|  |TAMS 0x00000000a5200000, 0x00000000a5200000| Untracked 
|  53|0x00000000a5300000, 0x00000000a5300000, 0x00000000a5400000|  0%| F|  |TAMS 0x00000000a5300000, 0x00000000a5300000| Untracked 
|  54|0x00000000a5400000, 0x00000000a5400000, 0x00000000a5500000|  0%| F|  |TAMS 0x00000000a5400000, 0x00000000a5400000| Untracked 
|  55|0x00000000a5500000, 0x00000000a5500000, 0x00000000a5600000|  0%| F|  |TAMS 0x00000000a5500000, 0x00000000a5500000| Untracked 
|  56|0x00000000a5600000, 0x00000000a5600000, 0x00000000a5700000|  0%| F|  |TAMS 0x00000000a5600000, 0x00000000a5600000| Untracked 
|  57|0x00000000a5700000, 0x00000000a5700000, 0x00000000a5800000|  0%| F|  |TAMS 0x00000000a5700000, 0x00000000a5700000| Untracked 
|  58|0x00000000a5800000, 0x00000000a5800000, 0x00000000a5900000|  0%| F|  |TAMS 0x00000000a5800000, 0x00000000a5800000| Untracked 
|  59|0x00000000a5900000, 0x00000000a5900000, 0x00000000a5a00000|  0%| F|  |TAMS 0x00000000a5900000, 0x00000000a5900000| Untracked 
|  60|0x00000000a5a00000, 0x00000000a5a00000, 0x00000000a5b00000|  0%| F|  |TAMS 0x00000000a5a00000, 0x00000000a5a00000| Untracked 
|  61|0x00000000a5b00000, 0x00000000a5b00000, 0x00000000a5c00000|  0%| F|  |TAMS 0x00000000a5b00000, 0x00000000a5b00000| Untracked 
|  62|0x00000000a5c00000, 0x00000000a5c00000, 0x00000000a5d00000|  0%| F|  |TAMS 0x00000000a5c00000, 0x00000000a5c00000| Untracked 
|  63|0x00000000a5d00000, 0x00000000a5d00000, 0x00000000a5e00000|  0%| F|  |TAMS 0x00000000a5d00000, 0x00000000a5d00000| Untracked 
|  64|0x00000000a5e00000, 0x00000000a5e00000, 0x00000000a5f00000|  0%| F|  |TAMS 0x00000000a5e00000, 0x00000000a5e00000| Untracked 
|  65|0x00000000a5f00000, 0x00000000a5f00000, 0x00000000a6000000|  0%| F|  |TAMS 0x00000000a5f00000, 0x00000000a5f00000| Untracked 
|  66|0x00000000a6000000, 0x00000000a6000000, 0x00000000a6100000|  0%| F|  |TAMS 0x00000000a6000000, 0x00000000a6000000| Untracked 
|  67|0x00000000a6100000, 0x00000000a6100000, 0x00000000a6200000|  0%| F|  |TAMS 0x00000000a6100000, 0x00000000a6100000| Untracked 
|  68|0x00000000a6200000, 0x00000000a6200000, 0x00000000a6300000|  0%| F|  |TAMS 0x00000000a6200000, 0x00000000a6200000| Untracked 
|  69|0x00000000a6300000, 0x00000000a6300000, 0x00000000a6400000|  0%| F|  |TAMS 0x00000000a6300000, 0x00000000a6300000| Untracked 
|  70|0x00000000a6400000, 0x00000000a6500000, 0x00000000a6500000|100%| S|CS|TAMS 0x00000000a6400000, 0x00000000a6400000| Complete 
|  71|0x00000000a6500000, 0x00000000a6600000, 0x00000000a6600000|100%| S|CS|TAMS 0x00000000a6500000, 0x00000000a6500000| Complete 
|  72|0x00000000a6600000, 0x00000000a6700000, 0x00000000a6700000|100%| S|CS|TAMS 0x00000000a6600000, 0x00000000a6600000| Complete 
|  73|0x00000000a6700000, 0x00000000a6700000, 0x00000000a6800000|  0%| F|  |TAMS 0x00000000a6700000, 0x00000000a6700000| Untracked 
|  74|0x00000000a6800000, 0x00000000a6800000, 0x00000000a6900000|  0%| F|  |TAMS 0x00000000a6800000, 0x00000000a6800000| Untracked 
|  75|0x00000000a6900000, 0x00000000a6900000, 0x00000000a6a00000|  0%| F|  |TAMS 0x00000000a6900000, 0x00000000a6900000| Untracked 
|  76|0x00000000a6a00000, 0x00000000a6a5f2a8, 0x00000000a6b00000| 37%| E|  |TAMS 0x00000000a6a00000, 0x00000000a6a00000| Complete 
|  77|0x00000000a6b00000, 0x00000000a6c00000, 0x00000000a6c00000|100%| E|CS|TAMS 0x00000000a6b00000, 0x00000000a6b00000| Complete 
|  78|0x00000000a6c00000, 0x00000000a6d00000, 0x00000000a6d00000|100%| E|CS|TAMS 0x00000000a6c00000, 0x00000000a6c00000| Complete 
|  79|0x00000000a6d00000, 0x00000000a6e00000, 0x00000000a6e00000|100%| E|CS|TAMS 0x00000000a6d00000, 0x00000000a6d00000| Complete 
|  80|0x00000000a6e00000, 0x00000000a6f00000, 0x00000000a6f00000|100%| E|CS|TAMS 0x00000000a6e00000, 0x00000000a6e00000| Complete 
|  81|0x00000000a6f00000, 0x00000000a7000000, 0x00000000a7000000|100%| E|CS|TAMS 0x00000000a6f00000, 0x00000000a6f00000| Complete 
|  82|0x00000000a7000000, 0x00000000a7100000, 0x00000000a7100000|100%| E|CS|TAMS 0x00000000a7000000, 0x00000000a7000000| Complete 
|  83|0x00000000a7100000, 0x00000000a7200000, 0x00000000a7200000|100%| E|CS|TAMS 0x00000000a7100000, 0x00000000a7100000| Complete 
|  84|0x00000000a7200000, 0x00000000a7300000, 0x00000000a7300000|100%| E|CS|TAMS 0x00000000a7200000, 0x00000000a7200000| Complete 
|  85|0x00000000a7300000, 0x00000000a7400000, 0x00000000a7400000|100%| E|CS|TAMS 0x00000000a7300000, 0x00000000a7300000| Complete 
|  86|0x00000000a7400000, 0x00000000a7500000, 0x00000000a7500000|100%| E|CS|TAMS 0x00000000a7400000, 0x00000000a7400000| Complete 
|  87|0x00000000a7500000, 0x00000000a7600000, 0x00000000a7600000|100%| E|CS|TAMS 0x00000000a7500000, 0x00000000a7500000| Complete 
|  88|0x00000000a7600000, 0x00000000a7700000, 0x00000000a7700000|100%| E|CS|TAMS 0x00000000a7600000, 0x00000000a7600000| Complete 
|  89|0x00000000a7700000, 0x00000000a7800000, 0x00000000a7800000|100%| E|CS|TAMS 0x00000000a7700000, 0x00000000a7700000| Complete 
|  90|0x00000000a7800000, 0x00000000a7900000, 0x00000000a7900000|100%| E|CS|TAMS 0x00000000a7800000, 0x00000000a7800000| Complete 
|  91|0x00000000a7900000, 0x00000000a7a00000, 0x00000000a7a00000|100%| E|CS|TAMS 0x00000000a7900000, 0x00000000a7900000| Complete 
|  92|0x00000000a7a00000, 0x00000000a7b00000, 0x00000000a7b00000|100%| E|CS|TAMS 0x00000000a7a00000, 0x00000000a7a00000| Complete 
|  93|0x00000000a7b00000, 0x00000000a7c00000, 0x00000000a7c00000|100%| E|CS|TAMS 0x00000000a7b00000, 0x00000000a7b00000| Complete 
|  94|0x00000000a7c00000, 0x00000000a7d00000, 0x00000000a7d00000|100%| E|CS|TAMS 0x00000000a7c00000, 0x00000000a7c00000| Complete 
|  95|0x00000000a7d00000, 0x00000000a7e00000, 0x00000000a7e00000|100%| E|CS|TAMS 0x00000000a7d00000, 0x00000000a7d00000| Complete 

Card table byte_map: [0x000001ab1cd40000,0x000001ab1d040000] _byte_map_base: 0x000001ab1c831000

Marking Bits (Prev, Next): (CMBitMap*) 0x000001ab05ba3110, (CMBitMap*) 0x000001ab05ba3150
 Prev Bits: [0x000001ab1d340000, 0x000001ab1eac8000)
 Next Bits: [0x000001ab1ead0000, 0x000001ab20258000)

Polling page: 0x000001ab03b10000

Metaspace:

Usage:
  Non-class:     13.05 MB used.
      Class:      1.59 MB used.
       Both:     14.64 MB used.

Virtual space:
  Non-class space:       64.00 MB reserved,      13.19 MB ( 21%) committed,  1 nodes.
      Class space:        1.00 GB reserved,       1.75 MB ( <1%) committed,  1 nodes.
             Both:        1.06 GB reserved,      14.94 MB (  1%) committed. 

Chunk freelists:
   Non-Class:  2.61 MB
       Class:  2.11 MB
        Both:  4.72 MB

MaxMetaspaceSize: unlimited
CompressedClassSpaceSize: 1.00 GB
Initial GC threshold: 21.00 MB
Current GC threshold: 21.00 MB
CDS: on
MetaspaceReclaimPolicy: balanced
 - commit_granule_bytes: 65536.
 - commit_granule_words: 8192.
 - virtual_space_node_default_size: 8388608.
 - enlarge_chunks_in_place: 1.
 - new_chunks_are_fully_committed: 0.
 - uncommit_free_chunks: 1.
 - use_allocation_guard: 0.


Internal statistics:

num_allocs_failed_limit: 0.
num_arena_births: 180.
num_arena_deaths: 0.
num_vsnodes_births: 2.
num_vsnodes_deaths: 0.
num_space_committed: 239.
num_space_uncommitted: 0.
num_chunks_returned_to_freelist: 0.
num_chunks_taken_from_freelist: 569.
num_chunk_merges: 0.
num_chunk_splits: 373.
num_chunks_enlarged: 282.
num_inconsistent_stats: 0.

CodeHeap 'non-profiled nmethods': size=120000Kb used=709Kb max_used=709Kb free=119290Kb
 bounds [0x000001ab151e0000, 0x000001ab15450000, 0x000001ab1c710000]
CodeHeap 'profiled nmethods': size=120000Kb used=4050Kb max_used=4050Kb free=115949Kb
 bounds [0x000001ab0dcb0000, 0x000001ab0e0b0000, 0x000001ab151e0000]
CodeHeap 'non-nmethods': size=5760Kb used=1220Kb max_used=1235Kb free=4539Kb
 bounds [0x000001ab0d710000, 0x000001ab0d980000, 0x000001ab0dcb0000]
 total_blobs=2522 nmethods=2013 adapters=421
 compilation: enabled
              stopped_count=0, restarted_count=0
 full_count=0

Compilation events (20 events):
Event: 1.895 Thread 0x000001ab22c39670 nmethod 1963 0x000001ab0e092490 code [0x000001ab0e092620, 0x000001ab0e092778]
Event: 1.895 Thread 0x000001ab22c39670 1969       3       java.util.TreeMap::addEntry (59 bytes)
Event: 1.896 Thread 0x000001ab22c39670 nmethod 1969 0x000001ab0e092810 code [0x000001ab0e0929e0, 0x000001ab0e092ea8]
Event: 1.896 Thread 0x000001ab22c39670 1973       3       java.util.TreeMap::getEntryUsingComparator (74 bytes)
Event: 1.896 Thread 0x000001ab22c37d70 1974       4       java.lang.StringLatin1::compareToCI (108 bytes)
Event: 1.896 Thread 0x000001ab22c39670 nmethod 1973 0x000001ab0e093090 code [0x000001ab0e093260, 0x000001ab0e093628]
Event: 1.896 Thread 0x000001ab22c39670 1971       3       sun.nio.cs.ext.AbstractCharsetProvider::put (20 bytes)
Event: 1.896 Thread 0x000001ab22c39670 nmethod 1971 0x000001ab0e093790 code [0x000001ab0e093940, 0x000001ab0e093c18]
Event: 1.896 Thread 0x000001ab22c39670 1972       3       java.util.TreeMap::containsKey (14 bytes)
Event: 1.896 Thread 0x000001ab22c39670 nmethod 1972 0x000001ab0e093d10 code [0x000001ab0e093ec0, 0x000001ab0e094068]
Event: 1.896 Thread 0x000001ab22c39670 1976       3       java.util.TreeMap::rotateLeft (96 bytes)
Event: 1.897 Thread 0x000001ab22c39670 nmethod 1976 0x000001ab0e094110 code [0x000001ab0e0942e0, 0x000001ab0e094818]
Event: 1.897 Thread 0x000001ab22c39670 1978       3       java.util.TreeMap::rotateRight (96 bytes)
Event: 1.897 Thread 0x000001ab22c39670 nmethod 1978 0x000001ab0e094990 code [0x000001ab0e094b60, 0x000001ab0e095098]
Event: 1.899 Thread 0x000001ab22c39670 1979       3       java.lang.invoke.MethodHandle::asTypeUncached (54 bytes)
Event: 1.900 Thread 0x000001ab22c39670 nmethod 1979 0x000001ab0e095210 code [0x000001ab0e0954e0, 0x000001ab0e095ff8]
Event: 1.900 Thread 0x000001ab22c39670 1980       3       java.lang.invoke.MethodType::isConvertibleTo (164 bytes)
Event: 1.900 Thread 0x000001ab22c39670 nmethod 1980 0x000001ab0e096490 code [0x000001ab0e0966e0, 0x000001ab0e097068]
Event: 1.903 Thread 0x000001ab22c37d70 nmethod 1974 0x000001ab1528e410 code [0x000001ab1528e5a0, 0x000001ab1528ea58]
Event: 1.903 Thread 0x000001ab22c37d70 1975       4       java.lang.String$CaseInsensitiveComparator::compare (68 bytes)

GC Heap History (2 events):
Event: 1.162 GC heap before
{Heap before GC invocations=0 (full 0):
 garbage-first heap   total 98304K, used 22528K [0x00000000a1e00000, 0x0000000100000000)
  region size 1024K, 23 young (23552K), 0 survivors (0K)
 Metaspace       used 8988K, committed 9216K, reserved 1114112K
  class space    used 974K, committed 1088K, reserved 1048576K
}
Event: 1.172 GC heap after
{Heap after GC invocations=1 (full 0):
 garbage-first heap   total 98304K, used 4128K [0x00000000a1e00000, 0x0000000100000000)
  region size 1024K, 3 young (3072K), 3 survivors (3072K)
 Metaspace       used 8988K, committed 9216K, reserved 1114112K
  class space    used 974K, committed 1088K, reserved 1048576K
}

Deoptimization events (20 events):
Event: 1.444 Thread 0x000001ab05b4e1b0 DEOPT PACKING pc=0x000001ab1525ed58 sp=0x0000002f6c9fe330
Event: 1.444 Thread 0x000001ab05b4e1b0 DEOPT UNPACKING pc=0x000001ab0d7623a3 sp=0x0000002f6c9fe2a0 mode 2
Event: 1.444 Thread 0x000001ab05b4e1b0 Uncommon trap: trap_request=0xffffffde fr.pc=0x000001ab1525ed58 relative=0x0000000000000d38
Event: 1.444 Thread 0x000001ab05b4e1b0 Uncommon trap: reason=class_check action=maybe_recompile pc=0x000001ab1525ed58 method=java.util.concurrent.ConcurrentHashMap.putVal(Ljava/lang/Object;Ljava/lang/Object;Z)Ljava/lang/Object; @ 242 c2
Event: 1.444 Thread 0x000001ab05b4e1b0 DEOPT PACKING pc=0x000001ab1525ed58 sp=0x0000002f6c9fe330
Event: 1.444 Thread 0x000001ab05b4e1b0 DEOPT UNPACKING pc=0x000001ab0d7623a3 sp=0x0000002f6c9fe2a0 mode 2
Event: 1.487 Thread 0x000001ab05b4e1b0 Uncommon trap: trap_request=0xffffff45 fr.pc=0x000001ab152662d4 relative=0x00000000000009d4
Event: 1.487 Thread 0x000001ab05b4e1b0 Uncommon trap: reason=unstable_if action=reinterpret pc=0x000001ab152662d4 method=jdk.internal.org.objectweb.asm.SymbolTable.put(Ljdk/internal/org/objectweb/asm/SymbolTable$Entry;)Ljdk/internal/org/objectweb/asm/SymbolTable$Entry; @ 13 c2
Event: 1.487 Thread 0x000001ab05b4e1b0 DEOPT PACKING pc=0x000001ab152662d4 sp=0x0000002f6c9fd620
Event: 1.487 Thread 0x000001ab05b4e1b0 DEOPT UNPACKING pc=0x000001ab0d7623a3 sp=0x0000002f6c9fd558 mode 2
Event: 1.556 Thread 0x000001ab05b4e1b0 Uncommon trap: trap_request=0xffffff45 fr.pc=0x000001ab15270fb4 relative=0x0000000000000c94
Event: 1.556 Thread 0x000001ab05b4e1b0 Uncommon trap: reason=unstable_if action=reinterpret pc=0x000001ab15270fb4 method=java.util.concurrent.ConcurrentHashMap.putVal(Ljava/lang/Object;Ljava/lang/Object;Z)Ljava/lang/Object; @ 401 c2
Event: 1.556 Thread 0x000001ab05b4e1b0 DEOPT PACKING pc=0x000001ab15270fb4 sp=0x0000002f6c9fbd70
Event: 1.556 Thread 0x000001ab05b4e1b0 DEOPT UNPACKING pc=0x000001ab0d7623a3 sp=0x0000002f6c9fbcf0 mode 2
Event: 1.563 Thread 0x000001ab05b4e1b0 DEOPT PACKING pc=0x000001ab0dfe5f43 sp=0x0000002f6c9fbb40
Event: 1.563 Thread 0x000001ab05b4e1b0 DEOPT UNPACKING pc=0x000001ab0d762b43 sp=0x0000002f6c9fb0c8 mode 0
Event: 1.711 Thread 0x000001ab05b4e1b0 Uncommon trap: trap_request=0xffffff45 fr.pc=0x000001ab1523e5ac relative=0x000000000000008c
Event: 1.711 Thread 0x000001ab05b4e1b0 Uncommon trap: reason=unstable_if action=reinterpret pc=0x000001ab1523e5ac method=sun.net.www.ParseUtil.firstEncodeIndex(Ljava/lang/String;)I @ 51 c2
Event: 1.711 Thread 0x000001ab05b4e1b0 DEOPT PACKING pc=0x000001ab1523e5ac sp=0x0000002f6c9f9650
Event: 1.711 Thread 0x000001ab05b4e1b0 DEOPT UNPACKING pc=0x000001ab0d7623a3 sp=0x0000002f6c9f95d8 mode 2

Classes loaded (20 events):
Event: 1.863 Loading class java/time/OffsetTime
Event: 1.863 Loading class java/time/OffsetTime done
Event: 1.889 Loading class java/nio/charset/Charset$ExtendedProviderHolder
Event: 1.889 Loading class java/nio/charset/Charset$ExtendedProviderHolder done
Event: 1.889 Loading class java/nio/charset/Charset$ExtendedProviderHolder$1
Event: 1.889 Loading class java/nio/charset/Charset$ExtendedProviderHolder$1 done
Event: 1.897 Loading class sun/nio/cs/DoubleByte$Decoder
Event: 1.897 Loading class sun/nio/cs/DelegatableDecoder
Event: 1.897 Loading class sun/nio/cs/DelegatableDecoder done
Event: 1.897 Loading class sun/nio/cs/DoubleByte$Decoder done
Event: 1.897 Loading class sun/nio/cs/DoubleByte$Encoder
Event: 1.897 Loading class sun/nio/cs/DoubleByte$Encoder done
Event: 1.898 Loading class sun/nio/cs/GBK
Event: 1.898 Loading class sun/nio/cs/GBK done
Event: 1.898 Loading class sun/nio/cs/SJIS
Event: 1.898 Loading class sun/nio/cs/SJIS done
Event: 1.898 Loading class sun/nio/cs/MS932
Event: 1.899 Loading class sun/nio/cs/MS932 done
Event: 1.901 Loading class sun/nio/cs/GB18030
Event: 1.903 Loading class sun/nio/cs/GB18030 done

Classes unloaded (0 events):
No events

Classes redefined (0 events):
No events

Internal exceptions (20 events):
Event: 1.456 Thread 0x000001ab05b4e1b0 Exception <a 'java/lang/ClassNotFoundException'{0x00000000a7617400}: com/yet/spring/core/loggers/AbstractLoggerCustomizer> (0x00000000a7617400) 
thrown [s\src\hotspot\share\classfile\systemDictionary.cpp, line 255]
Event: 1.457 Thread 0x000001ab05b4e1b0 Exception <a 'java/lang/ClassNotFoundException'{0x00000000a761ba28}: com/yet/spring/core/loggers/ConsoleEventLoggerCustomizer> (0x00000000a761ba28) 
thrown [s\src\hotspot\share\classfile\systemDictionary.cpp, line 255]
Event: 1.458 Thread 0x000001ab05b4e1b0 Exception <a 'java/lang/ClassNotFoundException'{0x00000000a761ffc8}: com/yet/spring/core/loggers/EventLoggerBeanInfo> (0x00000000a761ffc8) 
thrown [s\src\hotspot\share\classfile\systemDictionary.cpp, line 255]
Event: 1.458 Thread 0x000001ab05b4e1b0 Exception <a 'java/lang/ClassNotFoundException'{0x00000000a7621b60}: com/yet/spring/core/loggers/EventLoggerCustomizer> (0x00000000a7621b60) 
thrown [s\src\hotspot\share\classfile\systemDictionary.cpp, line 255]
Event: 1.494 Thread 0x000001ab05b4e1b0 Exception <a 'java/lang/ClassNotFoundException'{0x00000000a76d3ed0}: com/yet/spring/core/loggers/FileEventLoggerBeanInfo> (0x00000000a76d3ed0) 
thrown [s\src\hotspot\share\classfile\systemDictionary.cpp, line 255]
Event: 1.494 Thread 0x000001ab05b4e1b0 Exception <a 'java/lang/ClassNotFoundException'{0x00000000a76d62a0}: com/yet/spring/core/loggers/FileEventLoggerCustomizer> (0x00000000a76d62a0) 
thrown [s\src\hotspot\share\classfile\systemDictionary.cpp, line 255]
Event: 1.497 Thread 0x000001ab05b4e1b0 Exception <a 'java/lang/NoSuchMethodError'{0x00000000a76dea18}: 'void java.lang.invoke.DirectMethodHandle$Holder.invokeVirtual(java.lang.Object, java.lang.Object)'> (0x00000000a76dea18) 
thrown [s\src\hotspot\share\interpreter\linkResolver.cpp, line 759]
Event: 1.513 Thread 0x000001ab05b4e1b0 Exception <a 'java/lang/ClassNotFoundException'{0x00000000a7523170}: org/springframework/jdbc/datasource/DriverManagerDataSourceBeanInfo> (0x00000000a7523170) 
thrown [s\src\hotspot\share\classfile\systemDictionary.cpp, line 255]
Event: 1.514 Thread 0x000001ab05b4e1b0 Exception <a 'java/lang/ClassNotFoundException'{0x00000000a7525c58}: org/springframework/jdbc/datasource/AbstractDriverBasedDataSourceBeanInfo> (0x00000000a7525c58) 
thrown [s\src\hotspot\share\classfile\systemDictionary.cpp, line 255]
Event: 1.514 Thread 0x000001ab05b4e1b0 Exception <a 'java/lang/ClassNotFoundException'{0x00000000a7528920}: org/springframework/jdbc/datasource/AbstractDataSourceBeanInfo> (0x00000000a7528920) 
thrown [s\src\hotspot\share\classfile\systemDictionary.cpp, line 255]
Event: 1.514 Thread 0x000001ab05b4e1b0 Exception <a 'java/lang/ClassNotFoundException'{0x00000000a752b5b0}: org/springframework/jdbc/datasource/AbstractDataSourceCustomizer> (0x00000000a752b5b0) 
thrown [s\src\hotspot\share\classfile\systemDictionary.cpp, line 255]
Event: 1.516 Thread 0x000001ab05b4e1b0 Exception <a 'java/lang/ClassNotFoundException'{0x00000000a75388b0}: org/springframework/jdbc/datasource/AbstractDriverBasedDataSourceCustomizer> (0x00000000a75388b0) 
thrown [s\src\hotspot\share\classfile\systemDictionary.cpp, line 255]
Event: 1.518 Thread 0x000001ab05b4e1b0 Exception <a 'java/lang/ClassNotFoundException'{0x00000000a75481e0}: org/springframework/jdbc/datasource/DriverManagerDataSourceCustomizer> (0x00000000a75481e0) 
thrown [s\src\hotspot\share\classfile\systemDictionary.cpp, line 255]
Event: 1.519 Thread 0x000001ab05b4e1b0 Exception <a 'java/lang/ClassNotFoundException'{0x00000000a75532a8}: javax/sql/DataSourceBeanInfo> (0x00000000a75532a8) 
thrown [s\src\hotspot\share\classfile\systemDictionary.cpp, line 255]
Event: 1.519 Thread 0x000001ab05b4e1b0 Exception <a 'java/lang/ClassNotFoundException'{0x00000000a7555238}: javax/sql/DataSourceCustomizer> (0x00000000a7555238) 
thrown [s\src\hotspot\share\classfile\systemDictionary.cpp, line 255]
Event: 1.520 Thread 0x000001ab05b4e1b0 Exception <a 'java/lang/ClassNotFoundException'{0x00000000a755dc50}: javax/sql/CommonDataSourceBeanInfo> (0x00000000a755dc50) 
thrown [s\src\hotspot\share\classfile\systemDictionary.cpp, line 255]
Event: 1.520 Thread 0x000001ab05b4e1b0 Exception <a 'java/lang/ClassNotFoundException'{0x00000000a75600a8}: javax/sql/CommonDataSourceCustomizer> (0x00000000a75600a8) 
thrown [s\src\hotspot\share\classfile\systemDictionary.cpp, line 255]
Event: 1.521 Thread 0x000001ab05b4e1b0 Exception <a 'java/lang/ClassNotFoundException'{0x00000000a7567c30}: java/sql/WrapperBeanInfo> (0x00000000a7567c30) 
thrown [s\src\hotspot\share\classfile\systemDictionary.cpp, line 255]
Event: 1.522 Thread 0x000001ab05b4e1b0 Exception <a 'java/lang/ClassNotFoundException'{0x00000000a7569e38}: java/sql/WrapperCustomizer> (0x00000000a7569e38) 
thrown [s\src\hotspot\share\classfile\systemDictionary.cpp, line 255]
Event: 1.690 Thread 0x000001ab05b4e1b0 Exception <a 'java/lang/NoSuchMethodError'{0x00000000a71f1c88}: 'java.lang.Object java.lang.invoke.DirectMethodHandle$Holder.invokeStaticInit(java.lang.Object)'> (0x00000000a71f1c88) 
thrown [s\src\hotspot\share\interpreter\linkResolver.cpp, line 759]

VM Operations (20 events):
Event: 0.607 Executing VM operation: HandshakeAllThreads
Event: 0.607 Executing VM operation: HandshakeAllThreads done
Event: 0.608 Executing VM operation: HandshakeAllThreads
Event: 0.608 Executing VM operation: HandshakeAllThreads done
Event: 0.661 Executing VM operation: HandshakeAllThreads
Event: 0.661 Executing VM operation: HandshakeAllThreads done
Event: 0.707 Executing VM operation: HandshakeAllThreads
Event: 0.707 Executing VM operation: HandshakeAllThreads done
Event: 0.753 Executing VM operation: ICBufferFull
Event: 0.753 Executing VM operation: ICBufferFull done
Event: 1.162 Executing VM operation: G1CollectForAllocation
Event: 1.172 Executing VM operation: G1CollectForAllocation done
Event: 1.274 Executing VM operation: HandshakeAllThreads
Event: 1.274 Executing VM operation: HandshakeAllThreads done
Event: 1.528 Executing VM operation: HandshakeAllThreads
Event: 1.528 Executing VM operation: HandshakeAllThreads done
Event: 1.563 Executing VM operation: HandshakeAllThreads
Event: 1.563 Executing VM operation: HandshakeAllThreads done
Event: 1.674 Executing VM operation: HandshakeAllThreads
Event: 1.674 Executing VM operation: HandshakeAllThreads done

Events (20 events):
Event: 0.041 Thread 0x000001ab22c30eb0 Thread added: 0x000001ab22c30eb0
Event: 0.041 Thread 0x000001ab22c32770 Thread added: 0x000001ab22c32770
Event: 0.042 Thread 0x000001ab22c33020 Thread added: 0x000001ab22c33020
Event: 0.042 Thread 0x000001ab22c33b50 Thread added: 0x000001ab22c33b50
Event: 0.042 Thread 0x000001ab22c37d70 Thread added: 0x000001ab22c37d70
Event: 0.042 Thread 0x000001ab22c39670 Thread added: 0x000001ab22c39670
Event: 0.042 Thread 0x000001ab22c3d0c0 Thread added: 0x000001ab22c3d0c0
Event: 0.097 Thread 0x000001ab2705ffb0 Thread added: 0x000001ab2705ffb0
Event: 0.128 Loaded shared library C:\Users\Slava\.jdks\corretto-18.0.2\bin\zip.dll
Event: 0.131 Loaded shared library C:\Users\Slava\.jdks\corretto-18.0.2\bin\instrument.dll
Event: 0.139 Loaded shared library C:\Users\Slava\.jdks\corretto-18.0.2\bin\net.dll
Event: 0.141 Loaded shared library C:\Users\Slava\.jdks\corretto-18.0.2\bin\nio.dll
Event: 0.146 Loaded shared library C:\Users\Slava\.jdks\corretto-18.0.2\bin\zip.dll
Event: 0.184 Loaded shared library D:\IntelliJ IDEA 2022.2.1\bin\breakgen64.dll
Event: 0.185 Thread 0x000001ab2705f140 Thread added: 0x000001ab2705f140
Event: 0.185 Thread 0x000001ab27060e20 Thread added: 0x000001ab27060e20
Event: 0.265 Loaded shared library C:\Users\Slava\.jdks\corretto-18.0.2\bin\jimage.dll
Event: 0.684 Thread 0x000001ab27586240 Thread added: 0x000001ab27586240
Event: 1.120 Loaded shared library C:\Users\Slava\.jdks\corretto-18.0.2\bin\verify.dll
Event: 1.530 Thread 0x000001ab27062630 Thread added: 0x000001ab27062630


Dynamic libraries:
0x00007ff7284e0000 - 0x00007ff7284ed000 	C:\Users\Slava\.jdks\corretto-18.0.2\bin\java.exe
0x00007ff962b90000 - 0x00007ff962d7e000 	C:\Windows\SYSTEM32\ntdll.dll
0x00007ff960960000 - 0x00007ff960a13000 	C:\Windows\System32\KERNEL32.DLL
0x00007ff95ebf0000 - 0x00007ff95ee8d000 	C:\Windows\System32\KERNELBASE.dll
0x00007ff95f2e0000 - 0x00007ff95f3da000 	C:\Windows\System32\ucrtbase.dll
0x00007ff951160000 - 0x00007ff951177000 	C:\Users\Slava\.jdks\corretto-18.0.2\bin\jli.dll
0x00007ff958a20000 - 0x00007ff958a35000 	C:\Users\Slava\.jdks\corretto-18.0.2\bin\VCRUNTIME140.dll
0x00007ff9600a0000 - 0x00007ff960238000 	C:\Windows\System32\USER32.dll
0x00007ff94de10000 - 0x00007ff94e089000 	C:\Windows\WinSxS\amd64_microsoft.windows.common-controls_6595b64144ccf1df_6.0.17763.3650_none_de72e6e05349b85a\COMCTL32.dll
0x00007ff95f580000 - 0x00007ff95f5a0000 	C:\Windows\System32\win32u.dll
0x00007ff960e30000 - 0x00007ff960ece000 	C:\Windows\System32\msvcrt.dll
0x00007ff95fea0000 - 0x00007ff95fec9000 	C:\Windows\System32\GDI32.dll
0x00007ff962430000 - 0x00007ff96275b000 	C:\Windows\System32\combase.dll
0x00007ff95f3e0000 - 0x00007ff95f580000 	C:\Windows\System32\gdi32full.dll
0x00007ff9628d0000 - 0x00007ff9629ed000 	C:\Windows\System32\RPCRT4.dll
0x00007ff95f040000 - 0x00007ff95f0e0000 	C:\Windows\System32\msvcp_win.dll
0x00007ff95ef00000 - 0x00007ff95ef82000 	C:\Windows\System32\bcryptPrimitives.dll
0x00007ff960060000 - 0x00007ff96008e000 	C:\Windows\System32\IMM32.DLL
0x00007ff937670000 - 0x00007ff93770b000 	C:\Users\Slava\.jdks\corretto-18.0.2\bin\msvcp140.dll
0x00007ff90dee0000 - 0x00007ff90eb51000 	C:\Users\Slava\.jdks\corretto-18.0.2\bin\server\jvm.dll
0x00007ff95fd90000 - 0x00007ff95fe37000 	C:\Windows\System32\ADVAPI32.dll
0x00007ff960820000 - 0x00007ff9608bf000 	C:\Windows\System32\sechost.dll
0x00007ff960e20000 - 0x00007ff960e28000 	C:\Windows\System32\PSAPI.DLL
0x00007ff95cb00000 - 0x00007ff95cb24000 	C:\Windows\SYSTEM32\WINMM.dll
0x00007ff958b50000 - 0x00007ff958b5a000 	C:\Windows\SYSTEM32\VERSION.dll
0x00007ff947000000 - 0x00007ff947009000 	C:\Windows\SYSTEM32\WSOCK32.dll
0x00007ff960b50000 - 0x00007ff960bbd000 	C:\Windows\System32\WS2_32.dll
0x00007ff95c9e0000 - 0x00007ff95ca0d000 	C:\Windows\SYSTEM32\winmmbase.dll
0x00007ff95ee90000 - 0x00007ff95eeda000 	C:\Windows\System32\cfgmgr32.dll
0x00007ff95ebd0000 - 0x00007ff95ebe1000 	C:\Windows\System32\kernel.appcore.dll
0x00007ff95b1f0000 - 0x00007ff95b1fa000 	C:\Users\Slava\.jdks\corretto-18.0.2\bin\jimage.dll
0x00007ff952ac0000 - 0x00007ff952cad000 	C:\Windows\SYSTEM32\DBGHELP.DLL
0x00007ff949c00000 - 0x00007ff949c2a000 	C:\Windows\SYSTEM32\dbgcore.DLL
0x00007ff938b90000 - 0x00007ff938b9e000 	C:\Users\Slava\.jdks\corretto-18.0.2\bin\instrument.dll
0x00007ff941a80000 - 0x00007ff941aa5000 	C:\Users\Slava\.jdks\corretto-18.0.2\bin\java.dll
0x00007ff923470000 - 0x00007ff923546000 	C:\Users\Slava\.jdks\corretto-18.0.2\bin\jsvml.dll
0x00007ff960f30000 - 0x00007ff962428000 	C:\Windows\System32\SHELL32.dll
0x00007ff962a00000 - 0x00007ff962aa7000 	C:\Windows\System32\shcore.dll
0x00007ff95f610000 - 0x00007ff95fd59000 	C:\Windows\System32\windows.storage.dll
0x00007ff95eb20000 - 0x00007ff95eb43000 	C:\Windows\System32\profapi.dll
0x00007ff95eb50000 - 0x00007ff95ebad000 	C:\Windows\System32\powrprof.dll
0x00007ff960ed0000 - 0x00007ff960f22000 	C:\Windows\System32\shlwapi.dll
0x00007ff95eee0000 - 0x00007ff95eefb000 	C:\Windows\System32\cryptsp.dll
0x00007ff940390000 - 0x00007ff9403a8000 	C:\Users\Slava\.jdks\corretto-18.0.2\bin\zip.dll
0x00007ff940780000 - 0x00007ff940793000 	C:\Users\Slava\.jdks\corretto-18.0.2\bin\net.dll
0x00007ff958e00000 - 0x00007ff958eff000 	C:\Windows\SYSTEM32\WINHTTP.dll
0x00007ff95e310000 - 0x00007ff95e377000 	C:\Windows\system32\mswsock.dll
0x00007ff940410000 - 0x00007ff940425000 	C:\Users\Slava\.jdks\corretto-18.0.2\bin\nio.dll
0x00007ff94d0d0000 - 0x00007ff94d0ea000 	D:\IntelliJ IDEA 2022.2.1\bin\breakgen64.dll
0x00007ff95b230000 - 0x00007ff95b240000 	C:\Users\Slava\.jdks\corretto-18.0.2\bin\verify.dll
0x00007ff95e060000 - 0x00007ff95e126000 	C:\Windows\SYSTEM32\DNSAPI.dll
0x00007ff9629f0000 - 0x00007ff9629f8000 	C:\Windows\System32\NSI.dll
0x00007ff95e020000 - 0x00007ff95e05d000 	C:\Windows\SYSTEM32\IPHLPAPI.DLL
0x00007ff9514b0000 - 0x00007ff9514ba000 	C:\Windows\System32\rasadhlp.dll
0x00007ff951890000 - 0x00007ff951909000 	C:\Windows\System32\fwpuclnt.dll
0x00007ff95fd60000 - 0x00007ff95fd86000 	C:\Windows\System32\bcrypt.dll

dbghelp: loaded successfully - version: 4.0.5 - missing functions: none
symbol engine: initialized successfully - sym options: 0x614 - pdb path: .;C:\Users\Slava\.jdks\corretto-18.0.2\bin;C:\Windows\SYSTEM32;C:\Windows\WinSxS\amd64_microsoft.windows.common-controls_6595b64144ccf1df_6.0.17763.3650_none_de72e6e05349b85a;C:\Users\Slava\.jdks\corretto-18.0.2\bin\server;D:\IntelliJ IDEA 2022.2.1\bin

VM Arguments:
jvm_args: -javaagent:D:\IntelliJ IDEA 2022.2.1\lib\idea_rt.jar=57384:D:\IntelliJ IDEA 2022.2.1\bin -Dfile.encoding=UTF-8 -Dsun.stdout.encoding=UTF-8 -Dsun.stderr.encoding=UTF-8 
java_command: com.yet.spring.core.App
java_class_path (initial): D:\repoditory\spring-basics-course-project-master\target\classes;D:\JavaLibrary\mysql-connector-j-8.0.31\mysql-connector-j-8.0.31.jar;C:\Users\Slava\.m2\repository\org\springframework\spring-context\5.2.8.RELEASE\spring-context-5.2.8.RELEASE.jar;C:\Users\Slava\.m2\repository\org\springframework\spring-aop\5.2.8.RELEASE\spring-aop-5.2.8.RELEASE.jar;C:\Users\Slava\.m2\repository\org\springframework\spring-beans\5.2.8.RELEASE\spring-beans-5.2.8.RELEASE.jar;C:\Users\Slava\.m2\repository\org\springframework\spring-core\5.2.8.RELEASE\spring-core-5.2.8.RELEASE.jar;C:\Users\Slava\.m2\repository\org\springframework\spring-jcl\5.2.8.RELEASE\spring-jcl-5.2.8.RELEASE.jar;C:\Users\Slava\.m2\repository\org\springframework\spring-expression\5.2.8.RELEASE\spring-expression-5.2.8.RELEASE.jar;C:\Users\Slava\.m2\repository\org\springframework\spring-context-support\5.2.8.RELEASE\spring-context-support-5.2.8.RELEASE.jar;C:\Users\Slava\.m2\repository\org\springframework\spring-tx\5.2.8.RELEASE\spring-tx-5.2.8.RELEASE.jar;C:\Users\Slava\.m2\repository\org\springframework\spring-jdbc\5.2.8.RELEASE\spring-jdbc-5.2.8.RELEASE.jar;C:\Users\Slava\.m2\repository\org\apache\derby\derby\10.13.1.1\derby-10.13.1.1.jar;C:\Users\Slava\.m2\repository\org\aspectj\aspectjweaver\1.8.9\aspectjweaver-1.8.9.jar;C:\Users\Slava\.m2\repository\commons-io\commons-io\2.4\commons-io-2.4.jar
Launcher Type: SUN_STANDARD

[Global flags]
     intx CICompilerCount                          = 4                                         {product} {ergonomic}
     uint ConcGCThreads                            = 2                                         {product} {ergonomic}
     uint G1ConcRefinementThreads                  = 8                                         {product} {ergonomic}
   size_t G1HeapRegionSize                         = 1048576                                   {product} {ergonomic}
    uintx GCDrainStackTargetSize                   = 64                                        {product} {ergonomic}
   size_t InitialHeapSize                          = 100663296                                 {product} {ergonomic}
   size_t MarkStackSize                            = 4194304                                   {product} {ergonomic}
   size_t MaxHeapSize                              = 1579155456                                {product} {ergonomic}
   size_t MaxNewSize                               = 946864128                                 {product} {ergonomic}
   size_t MinHeapDeltaBytes                        = 1048576                                   {product} {ergonomic}
   size_t MinHeapSize                              = 8388608                                   {product} {ergonomic}
    uintx NonNMethodCodeHeapSize                   = 5839372                                {pd product} {ergonomic}
    uintx NonProfiledCodeHeapSize                  = 122909434                              {pd product} {ergonomic}
    uintx ProfiledCodeHeapSize                     = 122909434                              {pd product} {ergonomic}
    uintx ReservedCodeCacheSize                    = 251658240                              {pd product} {ergonomic}
     bool SegmentedCodeCache                       = true                                      {product} {ergonomic}
   size_t SoftMaxHeapSize                          = 1579155456                             {manageable} {ergonomic}
     bool UseCompressedClassPointers               = true                           {product lp64_product} {ergonomic}
     bool UseCompressedOops                        = true                           {product lp64_product} {ergonomic}
     bool UseG1GC                                  = true                                      {product} {ergonomic}
     bool UseLargePagesIndividualAllocation        = false                                  {pd product} {ergonomic}

Logging:
Log output configuration:
 #0: stdout all=warning uptime,level,tags foldmultilines=false
 #1: stderr all=off uptime,level,tags foldmultilines=false

Environment Variables:
JAVA_HOME=C:\Users\Slava\.jdks\corretto-18.0.2
CLASSPATH=.;C:\Program Files (x86)\QuickTime\QTSystem\QTJava.zip
PATH=C:\Users\Slava\AppData\Local\Programs\Python\Python310\Scripts\;C:\Users\Slava\AppData\Local\Programs\Python\Python310\;C:\Program Files\nodejs;C:\ProgramData\chocolatey\bin;C:\Program Files\nodejs\node.exe;C:\Program Files\nodejs\;C:\Program Files\Docker\Docker\resources\bin;C:\ProgramData\DockerDesktop\version-bin;C:\Program Files\Git\cmd;C:\Program Files\dotnet\;C:\Program Files\MySQL\MySQL Shell 8.0\bin\;C:\Users\Slava\AppData\Roaming\npm;C:\Program Files\Docker Toolbox;D:\heroku\bin;C:\Users\Slava\AppData\Local\gitkraken\bin;D:\Microsoft VS Code\bin;D:\Flutter\flutter\bin;C:\Windows\System32;C:\Program Files\Git\cmd;C:\Program Files\Git\bin;C:\Windows\SysWOW64\WindowsPowerShell\v1.0;C:\Users\Slava\.dotnet\tools
USERNAME=Slava
OS=Windows_NT
PROCESSOR_IDENTIFIER=AMD64 Family 23 Model 24 Stepping 1, AuthenticAMD



---------------  S Y S T E M  ---------------

OS:
 Windows 10 , 64 bit Build 17763 (10.0.17763.3287)
OS uptime: 0 days 6:38 hours

CPU: total 8 (initial active 8) (8 cores per cpu, 2 threads per core) family 23 model 24 stepping 1 microcode 0x0, cx8, cmov, fxsr, ht, mmx, 3dnowpref, sse, sse2, sse3, ssse3, sse4a, sse4.1, sse4.2, popcnt, lzcnt, tsc, tscinvbit, avx, avx2, aes, clmul, bmi1, bmi2, adx, sha, fma, vzeroupper, clflush, clflushopt

Memory: 4k page, system-wide physical 6020M (355M free)
TotalPageFile size 11212M (AvailPageFile size 5M)
current process WorkingSet (physical memory assigned to process): 99M, peak: 99M
current process commit charge ("private bytes"): 212M, peak: 212M

vm_info: OpenJDK 64-Bit Server VM (18.0.2+9-FR) for windows-amd64 JRE (18.0.2+9-FR), built on Jul 15 2022 20:03:03 by "Administrator" with MS VC++ 15.9 (VS2017)

END.
