#
# There is insufficient memory for the Java Runtime Environment to continue.
# Native memory allocation (malloc) failed to allocate 107280 bytes for Chunk::new
# Possible reasons:
#   The system is out of physical RAM or swap space
#   The process is running with CompressedOops enabled, and the Java Heap may be blocking the growth of the native heap
# Possible solutions:
#   Reduce memory load on the system
#   Increase physical memory or swap space
#   Check if swap backing store is full
#   Decrease Java heap size (-Xmx/-Xms)
#   Decrease number of Java threads
#   Decrease Java thread stack sizes (-Xss)
#   Set larger code cache with -XX:ReservedCodeCacheSize=
#   JVM is running with Unscaled Compressed Oops mode in which the Java heap is
#     placed in the first 4GB address space. The Java Heap base address is the
#     maximum limit for the native heap growth. Please use -XX:HeapBaseMinAddress
#     to set the Java Heap base and to place the Java Heap above 4GB virtual address.
# This output file may be truncated or incomplete.
#
#  Out of Memory Error (arena.cpp:184), pid=8772, tid=9532
#
# JRE version: OpenJDK Runtime Environment Corretto-18.0.2.9.1 (18.0.2+9) (build 18.0.2+9-FR)
# Java VM: OpenJDK 64-Bit Server VM Corretto-18.0.2.9.1 (18.0.2+9-FR, mixed mode, sharing, tiered, compressed oops, compressed class ptrs, g1 gc, windows-amd64)
# No core dump will be written. Minidumps are not enabled by default on client versions of Windows
#

---------------  S U M M A R Y ------------

Command Line: -javaagent:D:\IntelliJ IDEA 2022.2.1\lib\idea_rt.jar=63299:D:\IntelliJ IDEA 2022.2.1\bin -Dfile.encoding=UTF-8 -Dsun.stdout.encoding=UTF-8 -Dsun.stderr.encoding=UTF-8 com.yet.spring.core.App

Host: AMD Ryzen 5 3500U with Radeon Vega Mobile Gfx  , 8 cores, 5G,  Windows 10 , 64 bit Build 17763 (10.0.17763.3287)
Time: Mon Nov 28 02:22:49 2022 RTZ 4 (зима) elapsed time: 1.581342 seconds (0d 0h 0m 1s)

---------------  T H R E A D  ---------------

Current thread (0x0000023e2c058c20):  JavaThread "C2 CompilerThread0" daemon [_thread_in_native, id=9532, stack(0x000000eeebb00000,0x000000eeebc00000)]


Current CompileTask:
C2:   1581 1910       4       java.util.Properties::loadConvert (540 bytes)

Stack: [0x000000eeebb00000,0x000000eeebc00000]
Native frames: (J=compiled Java code, j=interpreted, Vv=VM code, C=native code)
V  [jvm.dll+0x685a2a]
V  [jvm.dll+0x82ae8d]
V  [jvm.dll+0x82c75e]
V  [jvm.dll+0x82ce03]
V  [jvm.dll+0x25ef4b]
V  [jvm.dll+0xd42d2]
V  [jvm.dll+0xd4665]
V  [jvm.dll+0x61aecb]
V  [jvm.dll+0x6194a1]
V  [jvm.dll+0x2338f6]
V  [jvm.dll+0x232f37]
V  [jvm.dll+0x1c0a35]
V  [jvm.dll+0x24212c]
V  [jvm.dll+0x240534]
V  [jvm.dll+0x7df6db]
V  [jvm.dll+0x7d9cba]
V  [jvm.dll+0x6848a5]
C  [ucrtbase.dll+0x2268a]
C  [KERNEL32.DLL+0x17974]
C  [ntdll.dll+0x5a371]


---------------  P R O C E S S  ---------------

Threads class SMR info:
_java_thread_list=0x0000023e31209840, length=15, elements={
0x0000023e0cfbd600, 0x0000023e2c030360, 0x0000023e2c0312f0, 0x0000023e2c04b9b0,
0x0000023e2c04da80, 0x0000023e2c0518f0, 0x0000023e2c054220, 0x0000023e2c058c20,
0x0000023e2c059510, 0x0000023e2c070200, 0x0000023e0d076fd0, 0x0000023e305d93a0,
0x0000023e305dafb0, 0x0000023e30c50f00, 0x0000023e312b50b0
}

Java Threads: ( => current thread )
  0x0000023e0cfbd600 JavaThread "main" [_thread_in_vm, id=8408, stack(0x000000eeeae00000,0x000000eeeaf00000)]
  0x0000023e2c030360 JavaThread "Reference Handler" daemon [_thread_blocked, id=2264, stack(0x000000eeeb500000,0x000000eeeb600000)]
  0x0000023e2c0312f0 JavaThread "Finalizer" daemon [_thread_blocked, id=13756, stack(0x000000eeeb600000,0x000000eeeb700000)]
  0x0000023e2c04b9b0 JavaThread "Signal Dispatcher" daemon [_thread_blocked, id=14072, stack(0x000000eeeb700000,0x000000eeeb800000)]
  0x0000023e2c04da80 JavaThread "Attach Listener" daemon [_thread_blocked, id=9908, stack(0x000000eeeb800000,0x000000eeeb900000)]
  0x0000023e2c0518f0 JavaThread "Service Thread" daemon [_thread_blocked, id=13492, stack(0x000000eeeb900000,0x000000eeeba00000)]
  0x0000023e2c054220 JavaThread "Monitor Deflation Thread" daemon [_thread_blocked, id=8636, stack(0x000000eeeba00000,0x000000eeebb00000)]
=>0x0000023e2c058c20 JavaThread "C2 CompilerThread0" daemon [_thread_in_native, id=9532, stack(0x000000eeebb00000,0x000000eeebc00000)]
  0x0000023e2c059510 JavaThread "C1 CompilerThread0" daemon [_thread_blocked, id=14332, stack(0x000000eeebc00000,0x000000eeebd00000)]
  0x0000023e2c070200 JavaThread "Sweeper thread" daemon [_thread_blocked, id=13084, stack(0x000000eeebd00000,0x000000eeebe00000)]
  0x0000023e0d076fd0 JavaThread "Common-Cleaner" daemon [_thread_blocked, id=11328, stack(0x000000eeebe00000,0x000000eeebf00000)]
  0x0000023e305d93a0 JavaThread "Monitor Ctrl-Break" daemon [_thread_in_native, id=3176, stack(0x000000eeebf00000,0x000000eeec000000)]
  0x0000023e305dafb0 JavaThread "Notification Thread" daemon [_thread_blocked, id=5848, stack(0x000000eeec000000,0x000000eeec100000)]
  0x0000023e30c50f00 JavaThread "C2 CompilerThread1" daemon [_thread_blocked, id=880, stack(0x000000eeec200000,0x000000eeec300000)]
  0x0000023e312b50b0 JavaThread "mysql-cj-abandoned-connection-cleanup" daemon [_thread_blocked, id=14024, stack(0x000000eeeca00000,0x000000eeecb00000)]

Other Threads:
  0x0000023e2c027010 VMThread "VM Thread" [stack: 0x000000eeeb400000,0x000000eeeb500000] [id=8340]
  0x0000023e305de590 WatcherThread "VM Periodic Task Thread" [stack: 0x000000eeec100000,0x000000eeec200000] [id=10188]
  0x0000023e0d00e1b0 WorkerThread "GC Thread#0" [stack: 0x000000eeeaf00000,0x000000eeeb000000] [id=12092]
  0x0000023e3095c160 WorkerThread "GC Thread#1" [stack: 0x000000eeec300000,0x000000eeec400000] [id=2260]
  0x0000023e312f3320 WorkerThread "GC Thread#2" [stack: 0x000000eeec400000,0x000000eeec500000] [id=1660]
  0x0000023e30d9b0b0 WorkerThread "GC Thread#3" [stack: 0x000000eeec500000,0x000000eeec600000] [id=4432]
  0x0000023e30956f00 WorkerThread "GC Thread#4" [stack: 0x000000eeec600000,0x000000eeec700000] [id=13360]
  0x0000023e31297e00 WorkerThread "GC Thread#5" [stack: 0x000000eeec700000,0x000000eeec800000] [id=12424]
  0x0000023e312f2030 WorkerThread "GC Thread#6" [stack: 0x000000eeec800000,0x000000eeec900000] [id=13796]
  0x0000023e30d02a90 WorkerThread "GC Thread#7" [stack: 0x000000eeec900000,0x000000eeeca00000] [id=8272]
  0x0000023e0d01bc40 ConcurrentGCThread "G1 Main Marker" [stack: 0x000000eeeb000000,0x000000eeeb100000] [id=13392]
  0x0000023e0d01e1b0 WorkerThread "G1 Conc#0" [stack: 0x000000eeeb100000,0x000000eeeb200000] [id=4896]
  0x0000023e0d062ee0 ConcurrentGCThread "G1 Refine#0" [stack: 0x000000eeeb200000,0x000000eeeb300000] [id=12040]
  0x0000023e0d063700 ConcurrentGCThread "G1 Service" [stack: 0x000000eeeb300000,0x000000eeeb400000] [id=3052]

Threads with active compile tasks:
C2 CompilerThread0     1597 1910       4       java.util.Properties::loadConvert (540 bytes)

VM state: not at safepoint (normal execution)

VM Mutex/Monitor currently owned by a thread:  ([mutex/lock_event])
[0x0000023e0cfb8c20] Metaspace_lock - owner thread: 0x0000023e0cfbd600

Heap address: 0x00000000a1e00000, size: 1506 MB, Compressed Oops mode: 32-bit

CDS archive(s) mapped at: [0x0000000800000000-0x0000000800ba0000-0x0000000800ba0000), size 12189696, SharedBaseAddress: 0x0000000800000000, ArchiveRelocationMode: 0.
Compressed class space mapped at: 0x0000000800c00000-0x0000000840c00000, reserved size: 1073741824
Narrow klass base: 0x0000000800000000, Narrow klass shift: 0, Narrow klass range: 0x100000000

GC Precious Log:
 CardTable entry size: 512
 Card Set container configuration: InlinePtr #cards 5 size 8 Array Of Cards #cards 12 size 40 Howl #buckets 4 coarsen threshold 1843 Howl Bitmap #cards 512 size 80 coarsen threshold 460 Card regions per heap region 1 cards per card region 2048
 CPUs: 8 total, 8 available
 Memory: 6020M
 Large Page Support: Disabled
 NUMA Support: Disabled
 Compressed Oops: Enabled (32-bit)
 Heap Region Size: 1M
 Heap Min Capacity: 8M
 Heap Initial Capacity: 96M
 Heap Max Capacity: 1506M
 Pre-touch: Disabled
 Parallel Workers: 8
 Concurrent Workers: 2
 Concurrent Refinement Workers: 8
 Periodic GC: Disabled

Heap:
 garbage-first heap   total 98304K, used 18500K [0x00000000a1e00000, 0x0000000100000000)
  region size 1024K, 18 young (18432K), 3 survivors (3072K)
 Metaspace       used 13105K, committed 13312K, reserved 1114112K
  class space    used 1397K, committed 1536K, reserved 1048576K

Heap Regions: E=young(eden), S=young(survivor), O=old, HS=humongous(starts), HC=humongous(continues), CS=collection set, F=free, OA=open archive, CA=closed archive, TAMS=top-at-mark-start (previous, next)
|   0|0x00000000a1e00000, 0x00000000a1f00000, 0x00000000a1f00000|100%| O|  |TAMS 0x00000000a1e00000, 0x00000000a1e00000| Untracked 
|   1|0x00000000a1f00000, 0x00000000a1f11200, 0x00000000a2000000|  6%| O|  |TAMS 0x00000000a1f00000, 0x00000000a1f00000| Untracked 
|   2|0x00000000a2000000, 0x00000000a2000000, 0x00000000a2100000|  0%| F|  |TAMS 0x00000000a2000000, 0x00000000a2000000| Untracked 
|   3|0x00000000a2100000, 0x00000000a2100000, 0x00000000a2200000|  0%| F|  |TAMS 0x00000000a2100000, 0x00000000a2100000| Untracked 
|   4|0x00000000a2200000, 0x00000000a2200000, 0x00000000a2300000|  0%| F|  |TAMS 0x00000000a2200000, 0x00000000a2200000| Untracked 
|   5|0x00000000a2300000, 0x00000000a2300000, 0x00000000a2400000|  0%| F|  |TAMS 0x00000000a2300000, 0x00000000a2300000| Untracked 
|   6|0x00000000a2400000, 0x00000000a2400000, 0x00000000a2500000|  0%| F|  |TAMS 0x00000000a2400000, 0x00000000a2400000| Untracked 
|   7|0x00000000a2500000, 0x00000000a2500000, 0x00000000a2600000|  0%| F|  |TAMS 0x00000000a2500000, 0x00000000a2500000| Untracked 
|   8|0x00000000a2600000, 0x00000000a2600000, 0x00000000a2700000|  0%| F|  |TAMS 0x00000000a2600000, 0x00000000a2600000| Untracked 
|   9|0x00000000a2700000, 0x00000000a2700000, 0x00000000a2800000|  0%| F|  |TAMS 0x00000000a2700000, 0x00000000a2700000| Untracked 
|  10|0x00000000a2800000, 0x00000000a2800000, 0x00000000a2900000|  0%| F|  |TAMS 0x00000000a2800000, 0x00000000a2800000| Untracked 
|  11|0x00000000a2900000, 0x00000000a2900000, 0x00000000a2a00000|  0%| F|  |TAMS 0x00000000a2900000, 0x00000000a2900000| Untracked 
|  12|0x00000000a2a00000, 0x00000000a2a00000, 0x00000000a2b00000|  0%| F|  |TAMS 0x00000000a2a00000, 0x00000000a2a00000| Untracked 
|  13|0x00000000a2b00000, 0x00000000a2b00000, 0x00000000a2c00000|  0%| F|  |TAMS 0x00000000a2b00000, 0x00000000a2b00000| Untracked 
|  14|0x00000000a2c00000, 0x00000000a2c00000, 0x00000000a2d00000|  0%| F|  |TAMS 0x00000000a2c00000, 0x00000000a2c00000| Untracked 
|  15|0x00000000a2d00000, 0x00000000a2d00000, 0x00000000a2e00000|  0%| F|  |TAMS 0x00000000a2d00000, 0x00000000a2d00000| Untracked 
|  16|0x00000000a2e00000, 0x00000000a2e00000, 0x00000000a2f00000|  0%| F|  |TAMS 0x00000000a2e00000, 0x00000000a2e00000| Untracked 
|  17|0x00000000a2f00000, 0x00000000a2f00000, 0x00000000a3000000|  0%| F|  |TAMS 0x00000000a2f00000, 0x00000000a2f00000| Untracked 
|  18|0x00000000a3000000, 0x00000000a3000000, 0x00000000a3100000|  0%| F|  |TAMS 0x00000000a3000000, 0x00000000a3000000| Untracked 
|  19|0x00000000a3100000, 0x00000000a3100000, 0x00000000a3200000|  0%| F|  |TAMS 0x00000000a3100000, 0x00000000a3100000| Untracked 
|  20|0x00000000a3200000, 0x00000000a3200000, 0x00000000a3300000|  0%| F|  |TAMS 0x00000000a3200000, 0x00000000a3200000| Untracked 
|  21|0x00000000a3300000, 0x00000000a3300000, 0x00000000a3400000|  0%| F|  |TAMS 0x00000000a3300000, 0x00000000a3300000| Untracked 
|  22|0x00000000a3400000, 0x00000000a3400000, 0x00000000a3500000|  0%| F|  |TAMS 0x00000000a3400000, 0x00000000a3400000| Untracked 
|  23|0x00000000a3500000, 0x00000000a3500000, 0x00000000a3600000|  0%| F|  |TAMS 0x00000000a3500000, 0x00000000a3500000| Untracked 
|  24|0x00000000a3600000, 0x00000000a3600000, 0x00000000a3700000|  0%| F|  |TAMS 0x00000000a3600000, 0x00000000a3600000| Untracked 
|  25|0x00000000a3700000, 0x00000000a3700000, 0x00000000a3800000|  0%| F|  |TAMS 0x00000000a3700000, 0x00000000a3700000| Untracked 
|  26|0x00000000a3800000, 0x00000000a3800000, 0x00000000a3900000|  0%| F|  |TAMS 0x00000000a3800000, 0x00000000a3800000| Untracked 
|  27|0x00000000a3900000, 0x00000000a3900000, 0x00000000a3a00000|  0%| F|  |TAMS 0x00000000a3900000, 0x00000000a3900000| Untracked 
|  28|0x00000000a3a00000, 0x00000000a3a00000, 0x00000000a3b00000|  0%| F|  |TAMS 0x00000000a3a00000, 0x00000000a3a00000| Untracked 
|  29|0x00000000a3b00000, 0x00000000a3b00000, 0x00000000a3c00000|  0%| F|  |TAMS 0x00000000a3b00000, 0x00000000a3b00000| Untracked 
|  30|0x00000000a3c00000, 0x00000000a3c00000, 0x00000000a3d00000|  0%| F|  |TAMS 0x00000000a3c00000, 0x00000000a3c00000| Untracked 
|  31|0x00000000a3d00000, 0x00000000a3d00000, 0x00000000a3e00000|  0%| F|  |TAMS 0x00000000a3d00000, 0x00000000a3d00000| Untracked 
|  32|0x00000000a3e00000, 0x00000000a3e00000, 0x00000000a3f00000|  0%| F|  |TAMS 0x00000000a3e00000, 0x00000000a3e00000| Untracked 
|  33|0x00000000a3f00000, 0x00000000a3f00000, 0x00000000a4000000|  0%| F|  |TAMS 0x00000000a3f00000, 0x00000000a3f00000| Untracked 
|  34|0x00000000a4000000, 0x00000000a4000000, 0x00000000a4100000|  0%| F|  |TAMS 0x00000000a4000000, 0x00000000a4000000| Untracked 
|  35|0x00000000a4100000, 0x00000000a4100000, 0x00000000a4200000|  0%| F|  |TAMS 0x00000000a4100000, 0x00000000a4100000| Untracked 
|  36|0x00000000a4200000, 0x00000000a4200000, 0x00000000a4300000|  0%| F|  |TAMS 0x00000000a4200000, 0x00000000a4200000| Untracked 
|  37|0x00000000a4300000, 0x00000000a4300000, 0x00000000a4400000|  0%| F|  |TAMS 0x00000000a4300000, 0x00000000a4300000| Untracked 
|  38|0x00000000a4400000, 0x00000000a4400000, 0x00000000a4500000|  0%| F|  |TAMS 0x00000000a4400000, 0x00000000a4400000| Untracked 
|  39|0x00000000a4500000, 0x00000000a4500000, 0x00000000a4600000|  0%| F|  |TAMS 0x00000000a4500000, 0x00000000a4500000| Untracked 
|  40|0x00000000a4600000, 0x00000000a4600000, 0x00000000a4700000|  0%| F|  |TAMS 0x00000000a4600000, 0x00000000a4600000| Untracked 
|  41|0x00000000a4700000, 0x00000000a4700000, 0x00000000a4800000|  0%| F|  |TAMS 0x00000000a4700000, 0x00000000a4700000| Untracked 
|  42|0x00000000a4800000, 0x00000000a4800000, 0x00000000a4900000|  0%| F|  |TAMS 0x00000000a4800000, 0x00000000a4800000| Untracked 
|  43|0x00000000a4900000, 0x00000000a4900000, 0x00000000a4a00000|  0%| F|  |TAMS 0x00000000a4900000, 0x00000000a4900000| Untracked 
|  44|0x00000000a4a00000, 0x00000000a4a00000, 0x00000000a4b00000|  0%| F|  |TAMS 0x00000000a4a00000, 0x00000000a4a00000| Untracked 
|  45|0x00000000a4b00000, 0x00000000a4b00000, 0x00000000a4c00000|  0%| F|  |TAMS 0x00000000a4b00000, 0x00000000a4b00000| Untracked 
|  46|0x00000000a4c00000, 0x00000000a4c00000, 0x00000000a4d00000|  0%| F|  |TAMS 0x00000000a4c00000, 0x00000000a4c00000| Untracked 
|  47|0x00000000a4d00000, 0x00000000a4d00000, 0x00000000a4e00000|  0%| F|  |TAMS 0x00000000a4d00000, 0x00000000a4d00000| Untracked 
|  48|0x00000000a4e00000, 0x00000000a4e00000, 0x00000000a4f00000|  0%| F|  |TAMS 0x00000000a4e00000, 0x00000000a4e00000| Untracked 
|  49|0x00000000a4f00000, 0x00000000a4f00000, 0x00000000a5000000|  0%| F|  |TAMS 0x00000000a4f00000, 0x00000000a4f00000| Untracked 
|  50|0x00000000a5000000, 0x00000000a5000000, 0x00000000a5100000|  0%| F|  |TAMS 0x00000000a5000000, 0x00000000a5000000| Untracked 
|  51|0x00000000a5100000, 0x00000000a5100000, 0x00000000a5200000|  0%| F|  |TAMS 0x00000000a5100000, 0x00000000a5100000| Untracked 
|  52|0x00000000a5200000, 0x00000000a5200000, 0x00000000a5300000|  0%| F|  |TAMS 0x00000000a5200000, 0x00000000a5200000| Untracked 
|  53|0x00000000a5300000, 0x00000000a5300000, 0x00000000a5400000|  0%| F|  |TAMS 0x00000000a5300000, 0x00000000a5300000| Untracked 
|  54|0x00000000a5400000, 0x00000000a5400000, 0x00000000a5500000|  0%| F|  |TAMS 0x00000000a5400000, 0x00000000a5400000| Untracked 
|  55|0x00000000a5500000, 0x00000000a5500000, 0x00000000a5600000|  0%| F|  |TAMS 0x00000000a5500000, 0x00000000a5500000| Untracked 
|  56|0x00000000a5600000, 0x00000000a5600000, 0x00000000a5700000|  0%| F|  |TAMS 0x00000000a5600000, 0x00000000a5600000| Untracked 
|  57|0x00000000a5700000, 0x00000000a5700000, 0x00000000a5800000|  0%| F|  |TAMS 0x00000000a5700000, 0x00000000a5700000| Untracked 
|  58|0x00000000a5800000, 0x00000000a5800000, 0x00000000a5900000|  0%| F|  |TAMS 0x00000000a5800000, 0x00000000a5800000| Untracked 
|  59|0x00000000a5900000, 0x00000000a5900000, 0x00000000a5a00000|  0%| F|  |TAMS 0x00000000a5900000, 0x00000000a5900000| Untracked 
|  60|0x00000000a5a00000, 0x00000000a5a00000, 0x00000000a5b00000|  0%| F|  |TAMS 0x00000000a5a00000, 0x00000000a5a00000| Untracked 
|  61|0x00000000a5b00000, 0x00000000a5b00000, 0x00000000a5c00000|  0%| F|  |TAMS 0x00000000a5b00000, 0x00000000a5b00000| Untracked 
|  62|0x00000000a5c00000, 0x00000000a5c00000, 0x00000000a5d00000|  0%| F|  |TAMS 0x00000000a5c00000, 0x00000000a5c00000| Untracked 
|  63|0x00000000a5d00000, 0x00000000a5d00000, 0x00000000a5e00000|  0%| F|  |TAMS 0x00000000a5d00000, 0x00000000a5d00000| Untracked 
|  64|0x00000000a5e00000, 0x00000000a5e00000, 0x00000000a5f00000|  0%| F|  |TAMS 0x00000000a5e00000, 0x00000000a5e00000| Untracked 
|  65|0x00000000a5f00000, 0x00000000a5f00000, 0x00000000a6000000|  0%| F|  |TAMS 0x00000000a5f00000, 0x00000000a5f00000| Untracked 
|  66|0x00000000a6000000, 0x00000000a6000000, 0x00000000a6100000|  0%| F|  |TAMS 0x00000000a6000000, 0x00000000a6000000| Untracked 
|  67|0x00000000a6100000, 0x00000000a6100000, 0x00000000a6200000|  0%| F|  |TAMS 0x00000000a6100000, 0x00000000a6100000| Untracked 
|  68|0x00000000a6200000, 0x00000000a6200000, 0x00000000a6300000|  0%| F|  |TAMS 0x00000000a6200000, 0x00000000a6200000| Untracked 
|  69|0x00000000a6300000, 0x00000000a6300000, 0x00000000a6400000|  0%| F|  |TAMS 0x00000000a6300000, 0x00000000a6300000| Untracked 
|  70|0x00000000a6400000, 0x00000000a6500000, 0x00000000a6500000|100%| S|CS|TAMS 0x00000000a6400000, 0x00000000a6400000| Complete 
|  71|0x00000000a6500000, 0x00000000a6600000, 0x00000000a6600000|100%| S|CS|TAMS 0x00000000a6500000, 0x00000000a6500000| Complete 
|  72|0x00000000a6600000, 0x00000000a6700000, 0x00000000a6700000|100%| S|CS|TAMS 0x00000000a6600000, 0x00000000a6600000| Complete 
|  73|0x00000000a6700000, 0x00000000a6700000, 0x00000000a6800000|  0%| F|  |TAMS 0x00000000a6700000, 0x00000000a6700000| Untracked 
|  74|0x00000000a6800000, 0x00000000a6800000, 0x00000000a6900000|  0%| F|  |TAMS 0x00000000a6800000, 0x00000000a6800000| Untracked 
|  75|0x00000000a6900000, 0x00000000a6900000, 0x00000000a6a00000|  0%| F|  |TAMS 0x00000000a6900000, 0x00000000a6900000| Untracked 
|  76|0x00000000a6a00000, 0x00000000a6a00000, 0x00000000a6b00000|  0%| F|  |TAMS 0x00000000a6a00000, 0x00000000a6a00000| Untracked 
|  77|0x00000000a6b00000, 0x00000000a6b00000, 0x00000000a6c00000|  0%| F|  |TAMS 0x00000000a6b00000, 0x00000000a6b00000| Untracked 
|  78|0x00000000a6c00000, 0x00000000a6c00000, 0x00000000a6d00000|  0%| F|  |TAMS 0x00000000a6c00000, 0x00000000a6c00000| Untracked 
|  79|0x00000000a6d00000, 0x00000000a6d00000, 0x00000000a6e00000|  0%| F|  |TAMS 0x00000000a6d00000, 0x00000000a6d00000| Untracked 
|  80|0x00000000a6e00000, 0x00000000a6e00000, 0x00000000a6f00000|  0%| F|  |TAMS 0x00000000a6e00000, 0x00000000a6e00000| Untracked 
|  81|0x00000000a6f00000, 0x00000000a6f80138, 0x00000000a7000000| 50%| E|  |TAMS 0x00000000a6f00000, 0x00000000a6f00000| Complete 
|  82|0x00000000a7000000, 0x00000000a7100000, 0x00000000a7100000|100%| E|CS|TAMS 0x00000000a7000000, 0x00000000a7000000| Complete 
|  83|0x00000000a7100000, 0x00000000a7200000, 0x00000000a7200000|100%| E|CS|TAMS 0x00000000a7100000, 0x00000000a7100000| Complete 
|  84|0x00000000a7200000, 0x00000000a7300000, 0x00000000a7300000|100%| E|CS|TAMS 0x00000000a7200000, 0x00000000a7200000| Complete 
|  85|0x00000000a7300000, 0x00000000a7400000, 0x00000000a7400000|100%| E|CS|TAMS 0x00000000a7300000, 0x00000000a7300000| Complete 
|  86|0x00000000a7400000, 0x00000000a7500000, 0x00000000a7500000|100%| E|CS|TAMS 0x00000000a7400000, 0x00000000a7400000| Complete 
|  87|0x00000000a7500000, 0x00000000a7600000, 0x00000000a7600000|100%| E|CS|TAMS 0x00000000a7500000, 0x00000000a7500000| Complete 
|  88|0x00000000a7600000, 0x00000000a7700000, 0x00000000a7700000|100%| E|CS|TAMS 0x00000000a7600000, 0x00000000a7600000| Complete 
|  89|0x00000000a7700000, 0x00000000a7800000, 0x00000000a7800000|100%| E|CS|TAMS 0x00000000a7700000, 0x00000000a7700000| Complete 
|  90|0x00000000a7800000, 0x00000000a7900000, 0x00000000a7900000|100%| E|CS|TAMS 0x00000000a7800000, 0x00000000a7800000| Complete 
|  91|0x00000000a7900000, 0x00000000a7a00000, 0x00000000a7a00000|100%| E|CS|TAMS 0x00000000a7900000, 0x00000000a7900000| Complete 
|  92|0x00000000a7a00000, 0x00000000a7b00000, 0x00000000a7b00000|100%| E|CS|TAMS 0x00000000a7a00000, 0x00000000a7a00000| Complete 
|  93|0x00000000a7b00000, 0x00000000a7c00000, 0x00000000a7c00000|100%| E|CS|TAMS 0x00000000a7b00000, 0x00000000a7b00000| Complete 
|  94|0x00000000a7c00000, 0x00000000a7d00000, 0x00000000a7d00000|100%| E|CS|TAMS 0x00000000a7c00000, 0x00000000a7c00000| Complete 
|  95|0x00000000a7d00000, 0x00000000a7e00000, 0x00000000a7e00000|100%| E|CS|TAMS 0x00000000a7d00000, 0x00000000a7d00000| Complete 

Card table byte_map: [0x0000023e260d0000,0x0000023e263d0000] _byte_map_base: 0x0000023e25bc1000

Marking Bits (Prev, Next): (CMBitMap*) 0x0000023e0d00f6d0, (CMBitMap*) 0x0000023e0d00f710
 Prev Bits: [0x0000023e266d0000, 0x0000023e27e58000)
 Next Bits: [0x0000023e27e60000, 0x0000023e295e8000)

Polling page: 0x0000023e0d080000

Metaspace:

Usage:
  Non-class:     11.43 MB used.
      Class:      1.37 MB used.
       Both:     12.80 MB used.

Virtual space:
  Non-class space:       64.00 MB reserved,      11.50 MB ( 18%) committed,  1 nodes.
      Class space:        1.00 GB reserved,       1.50 MB ( <1%) committed,  1 nodes.
             Both:        1.06 GB reserved,      13.00 MB (  1%) committed. 

Chunk freelists:
   Non-Class:  3.80 MB
       Class:  2.52 MB
        Both:  6.31 MB

MaxMetaspaceSize: unlimited
CompressedClassSpaceSize: 1.00 GB
Initial GC threshold: 21.00 MB
Current GC threshold: 21.00 MB
CDS: on
MetaspaceReclaimPolicy: balanced
 - commit_granule_bytes: 65536.
 - commit_granule_words: 8192.
 - virtual_space_node_default_size: 8388608.
 - enlarge_chunks_in_place: 1.
 - new_chunks_are_fully_committed: 0.
 - uncommit_free_chunks: 1.
 - use_allocation_guard: 0.


Internal statistics:

num_allocs_failed_limit: 0.
num_arena_births: 182.
num_arena_deaths: 0.
num_vsnodes_births: 2.
num_vsnodes_deaths: 0.
num_space_committed: 208.
num_space_uncommitted: 0.
num_chunks_returned_to_freelist: 0.
num_chunks_taken_from_freelist: 519.
num_chunk_merges: 0.
num_chunk_splits: 334.
num_chunks_enlarged: 243.
num_inconsistent_stats: 0.

CodeHeap 'non-profiled nmethods': size=120000Kb used=686Kb max_used=686Kb free=119313Kb
 bounds [0x0000023e1de30000, 0x0000023e1e0a0000, 0x0000023e25360000]
CodeHeap 'profiled nmethods': size=120000Kb used=3981Kb max_used=3981Kb free=116019Kb
 bounds [0x0000023e16900000, 0x0000023e16cf0000, 0x0000023e1de30000]
CodeHeap 'non-nmethods': size=5760Kb used=1202Kb max_used=1219Kb free=4557Kb
 bounds [0x0000023e16360000, 0x0000023e165d0000, 0x0000023e16900000]
 total_blobs=2416 nmethods=1924 adapters=404
 compilation: enabled
              stopped_count=0, restarted_count=0
 full_count=0

Compilation events (20 events):
Event: 1.569 Thread 0x0000023e2c059510 1916       3       java.util.concurrent.ConcurrentHashMap$EntryIterator::next (51 bytes)
Event: 1.569 Thread 0x0000023e2c059510 nmethod 1916 0x0000023e16cdf010 code [0x0000023e16cdf1e0, 0x0000023e16cdf6f8]
Event: 1.569 Thread 0x0000023e2c059510 1915       3       java.util.concurrent.ConcurrentHashMap$MapEntry::<init> (20 bytes)
Event: 1.570 Thread 0x0000023e2c059510 nmethod 1915 0x0000023e16cdf890 code [0x0000023e16cdfa40, 0x0000023e16cdfcb8]
Event: 1.574 Thread 0x0000023e2c059510 1917       3       jdk.internal.math.FDBigInteger::mult (64 bytes)
Event: 1.574 Thread 0x0000023e2c059510 nmethod 1917 0x0000023e16cdfd90 code [0x0000023e16cdff40, 0x0000023e16ce01b8]
Event: 1.574 Thread 0x0000023e2c059510 1919       3       jdk.internal.math.FDBigInteger::trimLeadingZeros (57 bytes)
Event: 1.575 Thread 0x0000023e2c059510 nmethod 1919 0x0000023e16ce0390 code [0x0000023e16ce0540, 0x0000023e16ce0818]
Event: 1.575 Thread 0x0000023e2c059510 1918       3       jdk.internal.math.FDBigInteger::<init> (30 bytes)
Event: 1.575 Thread 0x0000023e2c059510 nmethod 1918 0x0000023e16ce0910 code [0x0000023e16ce0ac0, 0x0000023e16ce0cc8]
Event: 1.575 Thread 0x0000023e2c059510 1922       3       java.lang.Character::digit (10 bytes)
Event: 1.575 Thread 0x0000023e2c059510 nmethod 1922 0x0000023e16ce0e10 code [0x0000023e16ce0fc0, 0x0000023e16ce11b8]
Event: 1.575 Thread 0x0000023e2c059510 1923       3       java.lang.CharacterDataLatin1::digit (32 bytes)
Event: 1.576 Thread 0x0000023e2c059510 nmethod 1923 0x0000023e16ce1290 code [0x0000023e16ce1440, 0x0000023e16ce1698]
Event: 1.576 Thread 0x0000023e2c059510 1920       3       java.lang.Character::digit (6 bytes)
Event: 1.576 Thread 0x0000023e2c059510 nmethod 1920 0x0000023e16ce1790 code [0x0000023e16ce1940, 0x0000023e16ce1b98]
Event: 1.576 Thread 0x0000023e2c059510 1921       3       jdk.internal.math.FDBigInteger::size (10 bytes)
Event: 1.576 Thread 0x0000023e2c059510 nmethod 1921 0x0000023e16ce1c90 code [0x0000023e16ce1e20, 0x0000023e16ce1f38]
Event: 1.576 Thread 0x0000023e2c059510 1924       3       java.lang.invoke.LambdaForm::returnType (26 bytes)
Event: 1.576 Thread 0x0000023e2c059510 nmethod 1924 0x0000023e16ce2010 code [0x0000023e16ce21c0, 0x0000023e16ce2378]

GC Heap History (2 events):
Event: 1.131 GC heap before
{Heap before GC invocations=0 (full 0):
 garbage-first heap   total 98304K, used 23552K [0x00000000a1e00000, 0x0000000100000000)
  region size 1024K, 23 young (23552K), 0 survivors (0K)
 Metaspace       used 9015K, committed 9280K, reserved 1114112K
  class space    used 976K, committed 1088K, reserved 1048576K
}
Event: 1.142 GC heap after
{Heap after GC invocations=1 (full 0):
 garbage-first heap   total 98304K, used 4164K [0x00000000a1e00000, 0x0000000100000000)
  region size 1024K, 3 young (3072K), 3 survivors (3072K)
 Metaspace       used 9015K, committed 9280K, reserved 1114112K
  class space    used 976K, committed 1088K, reserved 1048576K
}

Deoptimization events (20 events):
Event: 1.373 Thread 0x0000023e0cfbd600 DEOPT PACKING pc=0x0000023e1dea2bdc sp=0x000000eeeaefe810
Event: 1.373 Thread 0x0000023e0cfbd600 DEOPT UNPACKING pc=0x0000023e163b23a3 sp=0x000000eeeaefe780 mode 2
Event: 1.373 Thread 0x0000023e0cfbd600 Uncommon trap: trap_request=0xffffffde fr.pc=0x0000023e1dea2bdc relative=0x0000000000000dbc
Event: 1.373 Thread 0x0000023e0cfbd600 Uncommon trap: reason=class_check action=maybe_recompile pc=0x0000023e1dea2bdc method=java.util.concurrent.ConcurrentHashMap.putVal(Ljava/lang/Object;Ljava/lang/Object;Z)Ljava/lang/Object; @ 242 c2
Event: 1.373 Thread 0x0000023e0cfbd600 DEOPT PACKING pc=0x0000023e1dea2bdc sp=0x000000eeeaefe810
Event: 1.373 Thread 0x0000023e0cfbd600 DEOPT UNPACKING pc=0x0000023e163b23a3 sp=0x000000eeeaefe780 mode 2
Event: 1.404 Thread 0x0000023e0cfbd600 Uncommon trap: trap_request=0xffffff45 fr.pc=0x0000023e1de96ce0 relative=0x00000000000002c0
Event: 1.404 Thread 0x0000023e0cfbd600 Uncommon trap: reason=unstable_if action=reinterpret pc=0x0000023e1de96ce0 method=jdk.internal.org.objectweb.asm.SymbolTable.put(Ljdk/internal/org/objectweb/asm/SymbolTable$Entry;)Ljdk/internal/org/objectweb/asm/SymbolTable$Entry; @ 13 c2
Event: 1.404 Thread 0x0000023e0cfbd600 DEOPT PACKING pc=0x0000023e1de96ce0 sp=0x000000eeeaefd980
Event: 1.404 Thread 0x0000023e0cfbd600 DEOPT UNPACKING pc=0x0000023e163b23a3 sp=0x000000eeeaefd900 mode 2
Event: 1.460 Thread 0x0000023e0cfbd600 Uncommon trap: trap_request=0xffffff45 fr.pc=0x0000023e1dec4b64 relative=0x0000000000000c44
Event: 1.460 Thread 0x0000023e0cfbd600 Uncommon trap: reason=unstable_if action=reinterpret pc=0x0000023e1dec4b64 method=java.util.concurrent.ConcurrentHashMap.putVal(Ljava/lang/Object;Ljava/lang/Object;Z)Ljava/lang/Object; @ 401 c2
Event: 1.460 Thread 0x0000023e0cfbd600 DEOPT PACKING pc=0x0000023e1dec4b64 sp=0x000000eeeaefc250
Event: 1.460 Thread 0x0000023e0cfbd600 DEOPT UNPACKING pc=0x0000023e163b23a3 sp=0x000000eeeaefc1d0 mode 2
Event: 1.468 Thread 0x0000023e0cfbd600 DEOPT PACKING pc=0x0000023e16c47cc3 sp=0x000000eeeaefc0a0
Event: 1.468 Thread 0x0000023e0cfbd600 DEOPT UNPACKING pc=0x0000023e163b2b43 sp=0x000000eeeaefb628 mode 0
Event: 1.570 Thread 0x0000023e0cfbd600 Uncommon trap: trap_request=0xffffff45 fr.pc=0x0000023e1de9a9ac relative=0x000000000000008c
Event: 1.570 Thread 0x0000023e0cfbd600 Uncommon trap: reason=unstable_if action=reinterpret pc=0x0000023e1de9a9ac method=sun.net.www.ParseUtil.firstEncodeIndex(Ljava/lang/String;)I @ 51 c2
Event: 1.570 Thread 0x0000023e0cfbd600 DEOPT PACKING pc=0x0000023e1de9a9ac sp=0x000000eeeaef9b00
Event: 1.570 Thread 0x0000023e0cfbd600 DEOPT UNPACKING pc=0x0000023e163b23a3 sp=0x000000eeeaef9a88 mode 2

Classes loaded (20 events):
Event: 1.559 Loading class java/util/stream/Nodes$SpinedNodeBuilder
Event: 1.559 Loading class java/util/stream/Node$Builder
Event: 1.559 Loading class java/util/stream/Node$Builder done
Event: 1.559 Loading class java/util/stream/SpinedBuffer
Event: 1.559 Loading class java/util/stream/AbstractSpinedBuffer
Event: 1.559 Loading class java/util/stream/AbstractSpinedBuffer done
Event: 1.559 Loading class java/util/stream/SpinedBuffer done
Event: 1.559 Loading class java/util/stream/Nodes$SpinedNodeBuilder done
Event: 1.560 Loading class java/util/ResourceBundle$Control$2
Event: 1.560 Loading class java/util/ResourceBundle$Control$2 done
Event: 1.571 Loading class java/math/BigDecimal
Event: 1.572 Loading class java/math/BigDecimal done
Event: 1.573 Loading class jdk/internal/math/FDBigInteger
Event: 1.573 Loading class jdk/internal/math/FDBigInteger done
Event: 1.574 Loading class java/math/MathContext
Event: 1.574 Loading class java/math/MathContext done
Event: 1.577 Loading class java/util/Collections$UnmodifiableMap$UnmodifiableEntrySet$UnmodifiableEntrySetSpliterator
Event: 1.577 Loading class java/util/Collections$UnmodifiableMap$UnmodifiableEntrySet$UnmodifiableEntrySetSpliterator done
Event: 1.577 Loading class java/util/HashMap$EntrySpliterator
Event: 1.577 Loading class java/util/HashMap$EntrySpliterator done

Classes unloaded (0 events):
No events

Classes redefined (0 events):
No events

Internal exceptions (20 events):
Event: 1.383 Thread 0x0000023e0cfbd600 Exception <a 'java/lang/ClassNotFoundException'{0x00000000a7615308}: com/yet/spring/core/loggers/AbstractLoggerCustomizer> (0x00000000a7615308) 
thrown [s\src\hotspot\share\classfile\systemDictionary.cpp, line 255]
Event: 1.384 Thread 0x0000023e0cfbd600 Exception <a 'java/lang/ClassNotFoundException'{0x00000000a7619930}: com/yet/spring/core/loggers/ConsoleEventLoggerCustomizer> (0x00000000a7619930) 
thrown [s\src\hotspot\share\classfile\systemDictionary.cpp, line 255]
Event: 1.384 Thread 0x0000023e0cfbd600 Exception <a 'java/lang/ClassNotFoundException'{0x00000000a761ded0}: com/yet/spring/core/loggers/EventLoggerBeanInfo> (0x00000000a761ded0) 
thrown [s\src\hotspot\share\classfile\systemDictionary.cpp, line 255]
Event: 1.385 Thread 0x0000023e0cfbd600 Exception <a 'java/lang/ClassNotFoundException'{0x00000000a761fa68}: com/yet/spring/core/loggers/EventLoggerCustomizer> (0x00000000a761fa68) 
thrown [s\src\hotspot\share\classfile\systemDictionary.cpp, line 255]
Event: 1.409 Thread 0x0000023e0cfbd600 Exception <a 'java/lang/ClassNotFoundException'{0x00000000a76d1e00}: com/yet/spring/core/loggers/FileEventLoggerBeanInfo> (0x00000000a76d1e00) 
thrown [s\src\hotspot\share\classfile\systemDictionary.cpp, line 255]
Event: 1.409 Thread 0x0000023e0cfbd600 Exception <a 'java/lang/ClassNotFoundException'{0x00000000a76d41d0}: com/yet/spring/core/loggers/FileEventLoggerCustomizer> (0x00000000a76d41d0) 
thrown [s\src\hotspot\share\classfile\systemDictionary.cpp, line 255]
Event: 1.411 Thread 0x0000023e0cfbd600 Exception <a 'java/lang/NoSuchMethodError'{0x00000000a76dc990}: 'void java.lang.invoke.DirectMethodHandle$Holder.invokeVirtual(java.lang.Object, java.lang.Object)'> (0x00000000a76dc990) 
thrown [s\src\hotspot\share\interpreter\linkResolver.cpp, line 759]
Event: 1.423 Thread 0x0000023e0cfbd600 Exception <a 'java/lang/ClassNotFoundException'{0x00000000a7521078}: org/springframework/jdbc/datasource/DriverManagerDataSourceBeanInfo> (0x00000000a7521078) 
thrown [s\src\hotspot\share\classfile\systemDictionary.cpp, line 255]
Event: 1.423 Thread 0x0000023e0cfbd600 Exception <a 'java/lang/ClassNotFoundException'{0x00000000a7523b60}: org/springframework/jdbc/datasource/AbstractDriverBasedDataSourceBeanInfo> (0x00000000a7523b60) 
thrown [s\src\hotspot\share\classfile\systemDictionary.cpp, line 255]
Event: 1.424 Thread 0x0000023e0cfbd600 Exception <a 'java/lang/ClassNotFoundException'{0x00000000a7526828}: org/springframework/jdbc/datasource/AbstractDataSourceBeanInfo> (0x00000000a7526828) 
thrown [s\src\hotspot\share\classfile\systemDictionary.cpp, line 255]
Event: 1.424 Thread 0x0000023e0cfbd600 Exception <a 'java/lang/ClassNotFoundException'{0x00000000a75294b8}: org/springframework/jdbc/datasource/AbstractDataSourceCustomizer> (0x00000000a75294b8) 
thrown [s\src\hotspot\share\classfile\systemDictionary.cpp, line 255]
Event: 1.425 Thread 0x0000023e0cfbd600 Exception <a 'java/lang/ClassNotFoundException'{0x00000000a75367b8}: org/springframework/jdbc/datasource/AbstractDriverBasedDataSourceCustomizer> (0x00000000a75367b8) 
thrown [s\src\hotspot\share\classfile\systemDictionary.cpp, line 255]
Event: 1.427 Thread 0x0000023e0cfbd600 Exception <a 'java/lang/ClassNotFoundException'{0x00000000a7546208}: org/springframework/jdbc/datasource/DriverManagerDataSourceCustomizer> (0x00000000a7546208) 
thrown [s\src\hotspot\share\classfile\systemDictionary.cpp, line 255]
Event: 1.428 Thread 0x0000023e0cfbd600 Exception <a 'java/lang/ClassNotFoundException'{0x00000000a75512d0}: javax/sql/DataSourceBeanInfo> (0x00000000a75512d0) 
thrown [s\src\hotspot\share\classfile\systemDictionary.cpp, line 255]
Event: 1.428 Thread 0x0000023e0cfbd600 Exception <a 'java/lang/ClassNotFoundException'{0x00000000a7553260}: javax/sql/DataSourceCustomizer> (0x00000000a7553260) 
thrown [s\src\hotspot\share\classfile\systemDictionary.cpp, line 255]
Event: 1.429 Thread 0x0000023e0cfbd600 Exception <a 'java/lang/ClassNotFoundException'{0x00000000a755bc78}: javax/sql/CommonDataSourceBeanInfo> (0x00000000a755bc78) 
thrown [s\src\hotspot\share\classfile\systemDictionary.cpp, line 255]
Event: 1.429 Thread 0x0000023e0cfbd600 Exception <a 'java/lang/ClassNotFoundException'{0x00000000a755de50}: javax/sql/CommonDataSourceCustomizer> (0x00000000a755de50) 
thrown [s\src\hotspot\share\classfile\systemDictionary.cpp, line 255]
Event: 1.430 Thread 0x0000023e0cfbd600 Exception <a 'java/lang/ClassNotFoundException'{0x00000000a7565c38}: java/sql/WrapperBeanInfo> (0x00000000a7565c38) 
thrown [s\src\hotspot\share\classfile\systemDictionary.cpp, line 255]
Event: 1.430 Thread 0x0000023e0cfbd600 Exception <a 'java/lang/ClassNotFoundException'{0x00000000a7567e40}: java/sql/WrapperCustomizer> (0x00000000a7567e40) 
thrown [s\src\hotspot\share\classfile\systemDictionary.cpp, line 255]
Event: 1.553 Thread 0x0000023e0cfbd600 Exception <a 'java/lang/NoSuchMethodError'{0x00000000a71ef850}: 'java.lang.Object java.lang.invoke.DirectMethodHandle$Holder.invokeStaticInit(java.lang.Object)'> (0x00000000a71ef850) 
thrown [s\src\hotspot\share\interpreter\linkResolver.cpp, line 759]

VM Operations (20 events):
Event: 0.646 Executing VM operation: HandshakeAllThreads
Event: 0.646 Executing VM operation: HandshakeAllThreads done
Event: 0.647 Executing VM operation: HandshakeAllThreads
Event: 0.647 Executing VM operation: HandshakeAllThreads done
Event: 0.686 Executing VM operation: HandshakeAllThreads
Event: 0.686 Executing VM operation: HandshakeAllThreads done
Event: 0.725 Executing VM operation: HandshakeAllThreads
Event: 0.725 Executing VM operation: HandshakeAllThreads done
Event: 0.842 Executing VM operation: ICBufferFull
Event: 0.842 Executing VM operation: ICBufferFull done
Event: 1.131 Executing VM operation: G1CollectForAllocation
Event: 1.142 Executing VM operation: G1CollectForAllocation done
Event: 1.232 Executing VM operation: HandshakeAllThreads
Event: 1.232 Executing VM operation: HandshakeAllThreads done
Event: 1.436 Executing VM operation: HandshakeAllThreads
Event: 1.436 Executing VM operation: HandshakeAllThreads done
Event: 1.468 Executing VM operation: HandshakeAllThreads
Event: 1.468 Executing VM operation: HandshakeAllThreads done
Event: 1.542 Executing VM operation: HandshakeAllThreads
Event: 1.542 Executing VM operation: HandshakeAllThreads done

Events (20 events):
Event: 0.055 Thread 0x0000023e2c04b9b0 Thread added: 0x0000023e2c04b9b0
Event: 0.056 Thread 0x0000023e2c04da80 Thread added: 0x0000023e2c04da80
Event: 0.056 Thread 0x0000023e2c0518f0 Thread added: 0x0000023e2c0518f0
Event: 0.056 Thread 0x0000023e2c054220 Thread added: 0x0000023e2c054220
Event: 0.056 Thread 0x0000023e2c058c20 Thread added: 0x0000023e2c058c20
Event: 0.056 Thread 0x0000023e2c059510 Thread added: 0x0000023e2c059510
Event: 0.057 Thread 0x0000023e2c070200 Thread added: 0x0000023e2c070200
Event: 0.109 Thread 0x0000023e0d076fd0 Thread added: 0x0000023e0d076fd0
Event: 0.141 Loaded shared library C:\Users\Slava\.jdks\corretto-18.0.2\bin\zip.dll
Event: 0.144 Loaded shared library C:\Users\Slava\.jdks\corretto-18.0.2\bin\instrument.dll
Event: 0.151 Loaded shared library C:\Users\Slava\.jdks\corretto-18.0.2\bin\net.dll
Event: 0.153 Loaded shared library C:\Users\Slava\.jdks\corretto-18.0.2\bin\nio.dll
Event: 0.160 Loaded shared library C:\Users\Slava\.jdks\corretto-18.0.2\bin\zip.dll
Event: 0.202 Loaded shared library D:\IntelliJ IDEA 2022.2.1\bin\breakgen64.dll
Event: 0.203 Thread 0x0000023e305d93a0 Thread added: 0x0000023e305d93a0
Event: 0.203 Thread 0x0000023e305dafb0 Thread added: 0x0000023e305dafb0
Event: 0.303 Loaded shared library C:\Users\Slava\.jdks\corretto-18.0.2\bin\jimage.dll
Event: 0.699 Thread 0x0000023e30c50f00 Thread added: 0x0000023e30c50f00
Event: 1.087 Loaded shared library C:\Users\Slava\.jdks\corretto-18.0.2\bin\verify.dll
Event: 1.438 Thread 0x0000023e312b50b0 Thread added: 0x0000023e312b50b0


Dynamic libraries:
0x00007ff7284e0000 - 0x00007ff7284ed000 	C:\Users\Slava\.jdks\corretto-18.0.2\bin\java.exe
0x00007ff962b90000 - 0x00007ff962d7e000 	C:\Windows\SYSTEM32\ntdll.dll
0x00007ff960960000 - 0x00007ff960a13000 	C:\Windows\System32\KERNEL32.DLL
0x00007ff95ebf0000 - 0x00007ff95ee8d000 	C:\Windows\System32\KERNELBASE.dll
0x00007ff95f2e0000 - 0x00007ff95f3da000 	C:\Windows\System32\ucrtbase.dll
0x00007ff951160000 - 0x00007ff951177000 	C:\Users\Slava\.jdks\corretto-18.0.2\bin\jli.dll
0x00007ff958a20000 - 0x00007ff958a35000 	C:\Users\Slava\.jdks\corretto-18.0.2\bin\VCRUNTIME140.dll
0x00007ff9600a0000 - 0x00007ff960238000 	C:\Windows\System32\USER32.dll
0x00007ff94de10000 - 0x00007ff94e089000 	C:\Windows\WinSxS\amd64_microsoft.windows.common-controls_6595b64144ccf1df_6.0.17763.3650_none_de72e6e05349b85a\COMCTL32.dll
0x00007ff95f580000 - 0x00007ff95f5a0000 	C:\Windows\System32\win32u.dll
0x00007ff960e30000 - 0x00007ff960ece000 	C:\Windows\System32\msvcrt.dll
0x00007ff95fea0000 - 0x00007ff95fec9000 	C:\Windows\System32\GDI32.dll
0x00007ff962430000 - 0x00007ff96275b000 	C:\Windows\System32\combase.dll
0x00007ff95f3e0000 - 0x00007ff95f580000 	C:\Windows\System32\gdi32full.dll
0x00007ff9628d0000 - 0x00007ff9629ed000 	C:\Windows\System32\RPCRT4.dll
0x00007ff95f040000 - 0x00007ff95f0e0000 	C:\Windows\System32\msvcp_win.dll
0x00007ff95ef00000 - 0x00007ff95ef82000 	C:\Windows\System32\bcryptPrimitives.dll
0x00007ff960060000 - 0x00007ff96008e000 	C:\Windows\System32\IMM32.DLL
0x00007ff937670000 - 0x00007ff93770b000 	C:\Users\Slava\.jdks\corretto-18.0.2\bin\msvcp140.dll
0x00007ff90dee0000 - 0x00007ff90eb51000 	C:\Users\Slava\.jdks\corretto-18.0.2\bin\server\jvm.dll
0x00007ff95fd90000 - 0x00007ff95fe37000 	C:\Windows\System32\ADVAPI32.dll
0x00007ff960820000 - 0x00007ff9608bf000 	C:\Windows\System32\sechost.dll
0x00007ff960e20000 - 0x00007ff960e28000 	C:\Windows\System32\PSAPI.DLL
0x00007ff947000000 - 0x00007ff947009000 	C:\Windows\SYSTEM32\WSOCK32.dll
0x00007ff958b50000 - 0x00007ff958b5a000 	C:\Windows\SYSTEM32\VERSION.dll
0x00007ff95cb00000 - 0x00007ff95cb24000 	C:\Windows\SYSTEM32\WINMM.dll
0x00007ff960b50000 - 0x00007ff960bbd000 	C:\Windows\System32\WS2_32.dll
0x00007ff95c9e0000 - 0x00007ff95ca0d000 	C:\Windows\SYSTEM32\WINMMBASE.dll
0x00007ff95ee90000 - 0x00007ff95eeda000 	C:\Windows\System32\cfgmgr32.dll
0x00007ff95ebd0000 - 0x00007ff95ebe1000 	C:\Windows\System32\kernel.appcore.dll
0x00007ff95b1f0000 - 0x00007ff95b1fa000 	C:\Users\Slava\.jdks\corretto-18.0.2\bin\jimage.dll
0x00007ff952ac0000 - 0x00007ff952cad000 	C:\Windows\SYSTEM32\DBGHELP.DLL
0x00007ff949c00000 - 0x00007ff949c2a000 	C:\Windows\SYSTEM32\dbgcore.DLL
0x00007ff94d140000 - 0x00007ff94d14e000 	C:\Users\Slava\.jdks\corretto-18.0.2\bin\instrument.dll
0x00007ff941a80000 - 0x00007ff941aa5000 	C:\Users\Slava\.jdks\corretto-18.0.2\bin\java.dll
0x00007ff923470000 - 0x00007ff923546000 	C:\Users\Slava\.jdks\corretto-18.0.2\bin\jsvml.dll
0x00007ff960f30000 - 0x00007ff962428000 	C:\Windows\System32\SHELL32.dll
0x00007ff962a00000 - 0x00007ff962aa7000 	C:\Windows\System32\shcore.dll
0x00007ff95f610000 - 0x00007ff95fd59000 	C:\Windows\System32\windows.storage.dll
0x00007ff95eb20000 - 0x00007ff95eb43000 	C:\Windows\System32\profapi.dll
0x00007ff95eb50000 - 0x00007ff95ebad000 	C:\Windows\System32\powrprof.dll
0x00007ff960ed0000 - 0x00007ff960f22000 	C:\Windows\System32\shlwapi.dll
0x00007ff95eee0000 - 0x00007ff95eefb000 	C:\Windows\System32\cryptsp.dll
0x00007ff940390000 - 0x00007ff9403a8000 	C:\Users\Slava\.jdks\corretto-18.0.2\bin\zip.dll
0x00007ff940780000 - 0x00007ff940793000 	C:\Users\Slava\.jdks\corretto-18.0.2\bin\net.dll
0x00007ff958e00000 - 0x00007ff958eff000 	C:\Windows\SYSTEM32\WINHTTP.dll
0x00007ff95e310000 - 0x00007ff95e377000 	C:\Windows\system32\mswsock.dll
0x00007ff940410000 - 0x00007ff940425000 	C:\Users\Slava\.jdks\corretto-18.0.2\bin\nio.dll
0x00007ff9374e0000 - 0x00007ff9374fa000 	D:\IntelliJ IDEA 2022.2.1\bin\breakgen64.dll
0x00007ff95b230000 - 0x00007ff95b240000 	C:\Users\Slava\.jdks\corretto-18.0.2\bin\verify.dll

dbghelp: loaded successfully - version: 4.0.5 - missing functions: none
symbol engine: initialized successfully - sym options: 0x614 - pdb path: .;C:\Users\Slava\.jdks\corretto-18.0.2\bin;C:\Windows\SYSTEM32;C:\Windows\WinSxS\amd64_microsoft.windows.common-controls_6595b64144ccf1df_6.0.17763.3650_none_de72e6e05349b85a;C:\Users\Slava\.jdks\corretto-18.0.2\bin\server;D:\IntelliJ IDEA 2022.2.1\bin

VM Arguments:
jvm_args: -javaagent:D:\IntelliJ IDEA 2022.2.1\lib\idea_rt.jar=63299:D:\IntelliJ IDEA 2022.2.1\bin -Dfile.encoding=UTF-8 -Dsun.stdout.encoding=UTF-8 -Dsun.stderr.encoding=UTF-8 
java_command: com.yet.spring.core.App
java_class_path (initial): D:\repoditory\spring-basics-course-project-master\target\classes;D:\JavaLibrary\mysql-connector-j-8.0.31\mysql-connector-j-8.0.31.jar;C:\Users\Slava\.m2\repository\org\springframework\spring-context\5.2.8.RELEASE\spring-context-5.2.8.RELEASE.jar;C:\Users\Slava\.m2\repository\org\springframework\spring-aop\5.2.8.RELEASE\spring-aop-5.2.8.RELEASE.jar;C:\Users\Slava\.m2\repository\org\springframework\spring-beans\5.2.8.RELEASE\spring-beans-5.2.8.RELEASE.jar;C:\Users\Slava\.m2\repository\org\springframework\spring-core\5.2.8.RELEASE\spring-core-5.2.8.RELEASE.jar;C:\Users\Slava\.m2\repository\org\springframework\spring-jcl\5.2.8.RELEASE\spring-jcl-5.2.8.RELEASE.jar;C:\Users\Slava\.m2\repository\org\springframework\spring-expression\5.2.8.RELEASE\spring-expression-5.2.8.RELEASE.jar;C:\Users\Slava\.m2\repository\org\springframework\spring-context-support\5.2.8.RELEASE\spring-context-support-5.2.8.RELEASE.jar;C:\Users\Slava\.m2\repository\org\springframework\spring-tx\5.2.8.RELEASE\spring-tx-5.2.8.RELEASE.jar;C:\Users\Slava\.m2\repository\org\springframework\spring-jdbc\5.2.8.RELEASE\spring-jdbc-5.2.8.RELEASE.jar;C:\Users\Slava\.m2\repository\org\apache\derby\derby\10.13.1.1\derby-10.13.1.1.jar;C:\Users\Slava\.m2\repository\org\aspectj\aspectjweaver\1.8.9\aspectjweaver-1.8.9.jar;C:\Users\Slava\.m2\repository\commons-io\commons-io\2.4\commons-io-2.4.jar
Launcher Type: SUN_STANDARD

[Global flags]
     intx CICompilerCount                          = 4                                         {product} {ergonomic}
     uint ConcGCThreads                            = 2                                         {product} {ergonomic}
     uint G1ConcRefinementThreads                  = 8                                         {product} {ergonomic}
   size_t G1HeapRegionSize                         = 1048576                                   {product} {ergonomic}
    uintx GCDrainStackTargetSize                   = 64                                        {product} {ergonomic}
   size_t InitialHeapSize                          = 100663296                                 {product} {ergonomic}
   size_t MarkStackSize                            = 4194304                                   {product} {ergonomic}
   size_t MaxHeapSize                              = 1579155456                                {product} {ergonomic}
   size_t MaxNewSize                               = 946864128                                 {product} {ergonomic}
   size_t MinHeapDeltaBytes                        = 1048576                                   {product} {ergonomic}
   size_t MinHeapSize                              = 8388608                                   {product} {ergonomic}
    uintx NonNMethodCodeHeapSize                   = 5839372                                {pd product} {ergonomic}
    uintx NonProfiledCodeHeapSize                  = 122909434                              {pd product} {ergonomic}
    uintx ProfiledCodeHeapSize                     = 122909434                              {pd product} {ergonomic}
    uintx ReservedCodeCacheSize                    = 251658240                              {pd product} {ergonomic}
     bool SegmentedCodeCache                       = true                                      {product} {ergonomic}
   size_t SoftMaxHeapSize                          = 1579155456                             {manageable} {ergonomic}
     bool UseCompressedClassPointers               = true                           {product lp64_product} {ergonomic}
     bool UseCompressedOops                        = true                           {product lp64_product} {ergonomic}
     bool UseG1GC                                  = true                                      {product} {ergonomic}
     bool UseLargePagesIndividualAllocation        = false                                  {pd product} {ergonomic}

Logging:
Log output configuration:
 #0: stdout all=warning uptime,level,tags foldmultilines=false
 #1: stderr all=off uptime,level,tags foldmultilines=false

Environment Variables:
JAVA_HOME=C:\Users\Slava\.jdks\corretto-18.0.2
CLASSPATH=.;C:\Program Files (x86)\QuickTime\QTSystem\QTJava.zip
PATH=C:\Users\Slava\AppData\Local\Programs\Python\Python310\Scripts\;C:\Users\Slava\AppData\Local\Programs\Python\Python310\;C:\Program Files\nodejs;C:\ProgramData\chocolatey\bin;C:\Program Files\nodejs\node.exe;C:\Program Files\nodejs\;C:\Program Files\Docker\Docker\resources\bin;C:\ProgramData\DockerDesktop\version-bin;C:\Program Files\Git\cmd;C:\Program Files\dotnet\;C:\Program Files\MySQL\MySQL Shell 8.0\bin\;C:\Users\Slava\AppData\Roaming\npm;C:\Program Files\Docker Toolbox;D:\heroku\bin;C:\Users\Slava\AppData\Local\gitkraken\bin;D:\Microsoft VS Code\bin;D:\Flutter\flutter\bin;C:\Windows\System32;C:\Program Files\Git\cmd;C:\Program Files\Git\bin;C:\Windows\SysWOW64\WindowsPowerShell\v1.0;C:\Users\Slava\.dotnet\tools
USERNAME=Slava
OS=Windows_NT
PROCESSOR_IDENTIFIER=AMD64 Family 23 Model 24 Stepping 1, AuthenticAMD



---------------  S Y S T E M  ---------------

OS:
 Windows 10 , 64 bit Build 17763 (10.0.17763.3287)
OS uptime: 0 days 6:45 hours

CPU: total 8 (initial active 8) (8 cores per cpu, 2 threads per core) family 23 model 24 stepping 1 microcode 0x0, cx8, cmov, fxsr, ht, mmx, 3dnowpref, sse, sse2, sse3, ssse3, sse4a, sse4.1, sse4.2, popcnt, lzcnt, tsc, tscinvbit, avx, avx2, aes, clmul, bmi1, bmi2, adx, sha, fma, vzeroupper, clflush, clflushopt

Memory: 4k page, system-wide physical 6020M (472M free)
TotalPageFile size 11212M (AvailPageFile size 4M)
current process WorkingSet (physical memory assigned to process): 94M, peak: 94M
current process commit charge ("private bytes"): 207M, peak: 207M

vm_info: OpenJDK 64-Bit Server VM (18.0.2+9-FR) for windows-amd64 JRE (18.0.2+9-FR), built on Jul 15 2022 20:03:03 by "Administrator" with MS VC++ 15.9 (VS2017)

END.
